<?xml version="1.0" encoding="UTF-8"?>
<!-- Generated by org.testng.reporters.JUnitReportReporter -->
<testsuite hostname="DESKTOP-6RDAJ8O" failures="0" tests="3" name="litigationAdditionalOwner.performer" time="254.883" errors="0" timestamp="2023-02-16T12:56:23 IST" skipped="0">
  <testcase classname="litigationAdditionalOwner.performer" name="Login" time="11.076"/>
  <system-out/>
  <testcase classname="litigationAdditionalOwner.performer" name="TaskOpen" time="48.435"/>
  <system-out/>
  <testcase classname="litigationAdditionalOwner.performer" name="MyReminder" time="195.372"/>
  <system-out/>
</testsuite> <!-- litigationAdditionalOwner.performer -->
