<?xml version="1.0" encoding="UTF-8"?>
<!-- Generated by org.testng.reporters.JUnitReportReporter -->
<testsuite hostname="DESKTOP-6RDAJ8O" failures="0" tests="2" name="litigationExternalLawyer.ExternalLawyer" time="189.780" errors="0" timestamp="2023-04-11T11:09:45 IST" skipped="0">
  <testcase classname="litigationExternalLawyer.ExternalLawyer" name="Login" time="40.935"/>
  <system-out/>
  <testcase classname="litigationExternalLawyer.ExternalLawyer" name="MyReports" time="148.845"/>
  <system-out/>
</testsuite> <!-- litigationExternalLawyer.ExternalLawyer -->
