<?xml version="1.0" encoding="UTF-8"?>
<!-- Generated by org.testng.reporters.JUnitReportReporter -->
<testsuite hostname="DESKTOP-LP" failures="0" tests="61" name="litigationManagement.CFO" time="104.727" errors="2" timestamp="2023-11-27T12:20:55 IST" skipped="59">
  <testcase classname="litigationManagement.CFO" name="Login" time="64.006">
    <error message="no such window: target window already closed
from unknown error: web view not found
  (Session info: chrome=119.0.6045.160)
Build info: version: &#039;3.141.0&#039;, revision: &#039;2ecb7d9a&#039;, time: &#039;2018-10-31T20:09:30&#039;
System info: host: &#039;DESKTOP-LP&#039;, ip: &#039;172.19.16.1&#039;, os.name: &#039;Windows 10&#039;, os.arch: &#039;amd64&#039;, os.version: &#039;10.0&#039;, java.version: &#039;20&#039;
Driver info: org.openqa.selenium.chrome.ChromeDriver
Capabilities {acceptInsecureCerts: false, browserName: chrome, browserVersion: 119.0.6045.160, chrome: {chromedriverVersion: 119.0.6045.105 (38c72552c5e..., userDataDir: C:\Users\SNEHAL~1\AppData\L...}, fedcm:accounts: true, goog:chromeOptions: {debuggerAddress: localhost:61382}, javascriptEnabled: true, networkConnectionEnabled: false, pageLoadStrategy: normal, platform: WINDOWS, platformName: WINDOWS, proxy: Proxy(), setWindowRect: true, strictFileInteractability: false, timeouts: {implicit: 0, pageLoad: 300000, script: 30000}, unhandledPromptBehavior: dismiss and notify, webauthn:extension:credBlob: true, webauthn:extension:largeBlob: true, webauthn:extension:minPinLength: true, webauthn:extension:prf: true, webauthn:virtualAuthenticators: true}
Session ID: 013e7a5f417cd786d48ac3002ee49eba
*** Element info: {Using=xpath, value=//*[@id=&#039;dvbtnLitigation&#039;]}" type="org.openqa.selenium.NoSuchWindowException">
      <![CDATA[org.openqa.selenium.NoSuchWindowException: no such window: target window already closed
from unknown error: web view not found
  (Session info: chrome=119.0.6045.160)
Build info: version: '3.141.0', revision: '2ecb7d9a', time: '2018-10-31T20:09:30'
System info: host: 'DESKTOP-LP', ip: '172.19.16.1', os.name: 'Windows 10', os.arch: 'amd64', os.version: '10.0', java.version: '20'
Driver info: org.openqa.selenium.chrome.ChromeDriver
Capabilities {acceptInsecureCerts: false, browserName: chrome, browserVersion: 119.0.6045.160, chrome: {chromedriverVersion: 119.0.6045.105 (38c72552c5e..., userDataDir: C:\Users\SNEHAL~1\AppData\L...}, fedcm:accounts: true, goog:chromeOptions: {debuggerAddress: localhost:61382}, javascriptEnabled: true, networkConnectionEnabled: false, pageLoadStrategy: normal, platform: WINDOWS, platformName: WINDOWS, proxy: Proxy(), setWindowRect: true, strictFileInteractability: false, timeouts: {implicit: 0, pageLoad: 300000, script: 30000}, unhandledPromptBehavior: dismiss and notify, webauthn:extension:credBlob: true, webauthn:extension:largeBlob: true, webauthn:extension:minPinLength: true, webauthn:extension:prf: true, webauthn:virtualAuthenticators: true}
Session ID: 013e7a5f417cd786d48ac3002ee49eba
*** Element info: {Using=xpath, value=//*[@id='dvbtnLitigation']}
at java.base/jdk.internal.reflect.DirectConstructorHandleAccessor.newInstance(DirectConstructorHandleAccessor.java:67)
at java.base/java.lang.reflect.Constructor.newInstanceWithCaller(Constructor.java:500)
at java.base/java.lang.reflect.Constructor.newInstance(Constructor.java:484)
at org.openqa.selenium.remote.http.W3CHttpResponseCodec.createException(W3CHttpResponseCodec.java:187)
at org.openqa.selenium.remote.http.W3CHttpResponseCodec.decode(W3CHttpResponseCodec.java:122)
at org.openqa.selenium.remote.http.W3CHttpResponseCodec.decode(W3CHttpResponseCodec.java:49)
at org.openqa.selenium.remote.HttpCommandExecutor.execute(HttpCommandExecutor.java:158)
at org.openqa.selenium.remote.service.DriverCommandExecutor.execute(DriverCommandExecutor.java:83)
at org.openqa.selenium.remote.RemoteWebDriver.execute(RemoteWebDriver.java:552)
at org.openqa.selenium.remote.RemoteWebDriver.findElement(RemoteWebDriver.java:323)
at org.openqa.selenium.remote.RemoteWebDriver.findElementByXPath(RemoteWebDriver.java:428)
at org.openqa.selenium.By$ByXPath.findElement(By.java:353)
at org.openqa.selenium.remote.RemoteWebDriver.findElement(RemoteWebDriver.java:315)
at login.LoginPOM.ClickLitigation(LoginPOM.java:88)
at login.Login.UserLogin(Login.java:213)
at litigationManagement.CFO.Login(CFO.java:88)
at java.base/jdk.internal.reflect.DirectMethodHandleAccessor.invoke(DirectMethodHandleAccessor.java:104)
at java.base/java.lang.reflect.Method.invoke(Method.java:578)
at org.testng.internal.MethodInvocationHelper.invokeMethod(MethodInvocationHelper.java:133)
at org.testng.internal.MethodInvocationHelper.invokeMethodConsideringTimeout(MethodInvocationHelper.java:62)
at org.testng.internal.ConfigInvoker.invokeConfigurationMethod(ConfigInvoker.java:385)
at org.testng.internal.ConfigInvoker.invokeConfigurations(ConfigInvoker.java:321)
at org.testng.internal.TestInvoker.runConfigMethods(TestInvoker.java:700)
at org.testng.internal.TestInvoker.invokeMethod(TestInvoker.java:527)
at org.testng.internal.TestInvoker.invokeTestMethod(TestInvoker.java:173)
at org.testng.internal.MethodRunner.runInSequence(MethodRunner.java:46)
at org.testng.internal.TestInvoker$MethodInvocationAgent.invoke(TestInvoker.java:824)
at org.testng.internal.TestInvoker.invokeTestMethods(TestInvoker.java:146)
at org.testng.internal.TestMethodWorker.invokeTestMethods(TestMethodWorker.java:146)
at org.testng.internal.TestMethodWorker.run(TestMethodWorker.java:128)
at java.base/java.util.ArrayList.forEach(ArrayList.java:1511)
at org.testng.TestRunner.privateRun(TestRunner.java:794)
at org.testng.TestRunner.run(TestRunner.java:596)
at org.testng.SuiteRunner.runTest(SuiteRunner.java:377)
at org.testng.SuiteRunner.runSequentially(SuiteRunner.java:371)
at org.testng.SuiteRunner.privateRun(SuiteRunner.java:332)
at org.testng.SuiteRunner.run(SuiteRunner.java:276)
at org.testng.SuiteRunnerWorker.runSuite(SuiteRunnerWorker.java:53)
at org.testng.SuiteRunnerWorker.run(SuiteRunnerWorker.java:96)
at org.testng.TestNG.runSuitesSequentially(TestNG.java:1212)
at org.testng.TestNG.runSuitesLocally(TestNG.java:1134)
at org.testng.TestNG.runSuites(TestNG.java:1063)
at org.testng.TestNG.run(TestNG.java:1031)
at org.testng.remote.AbstractRemoteTestNG.run(AbstractRemoteTestNG.java:115)
at org.testng.remote.RemoteTestNG.initAndRun(RemoteTestNG.java:251)
at org.testng.remote.RemoteTestNG.main(RemoteTestNG.java:77)
]]>
    </error>
  </testcase> <!-- Login -->
  <system-out/>
  <testcase classname="litigationManagement.CFO" name="CriticalDocuments" time="40.720">
    <error message="element not interactable: Element is not currently visible and may not be manipulated
  (Session info: chrome=119.0.6045.160)
Build info: version: &#039;3.141.0&#039;, revision: &#039;2ecb7d9a&#039;, time: &#039;2018-10-31T20:09:30&#039;
System info: host: &#039;DESKTOP-LP&#039;, ip: &#039;172.19.16.1&#039;, os.name: &#039;Windows 10&#039;, os.arch: &#039;amd64&#039;, os.version: &#039;10.0&#039;, java.version: &#039;20&#039;
Driver info: org.openqa.selenium.chrome.ChromeDriver
Capabilities {acceptInsecureCerts: false, browserName: chrome, browserVersion: 119.0.6045.160, chrome: {chromedriverVersion: 119.0.6045.105 (38c72552c5e..., userDataDir: C:\Users\SNEHAL~1\AppData\L...}, fedcm:accounts: true, goog:chromeOptions: {debuggerAddress: localhost:61237}, javascriptEnabled: true, networkConnectionEnabled: false, pageLoadStrategy: normal, platform: WINDOWS, platformName: WINDOWS, proxy: Proxy(), setWindowRect: true, strictFileInteractability: false, timeouts: {implicit: 0, pageLoad: 300000, script: 30000}, unhandledPromptBehavior: dismiss and notify, webauthn:extension:credBlob: true, webauthn:extension:largeBlob: true, webauthn:extension:minPinLength: true, webauthn:extension:prf: true, webauthn:virtualAuthenticators: true}
Session ID: a26313c82ce9dbadbe50f9575805f36c" type="org.openqa.selenium.ElementNotInteractableException">
      <![CDATA[org.openqa.selenium.ElementNotInteractableException: element not interactable: Element is not currently visible and may not be manipulated
  (Session info: chrome=119.0.6045.160)
Build info: version: '3.141.0', revision: '2ecb7d9a', time: '2018-10-31T20:09:30'
System info: host: 'DESKTOP-LP', ip: '172.19.16.1', os.name: 'Windows 10', os.arch: 'amd64', os.version: '10.0', java.version: '20'
Driver info: org.openqa.selenium.chrome.ChromeDriver
Capabilities {acceptInsecureCerts: false, browserName: chrome, browserVersion: 119.0.6045.160, chrome: {chromedriverVersion: 119.0.6045.105 (38c72552c5e..., userDataDir: C:\Users\SNEHAL~1\AppData\L...}, fedcm:accounts: true, goog:chromeOptions: {debuggerAddress: localhost:61237}, javascriptEnabled: true, networkConnectionEnabled: false, pageLoadStrategy: normal, platform: WINDOWS, platformName: WINDOWS, proxy: Proxy(), setWindowRect: true, strictFileInteractability: false, timeouts: {implicit: 0, pageLoad: 300000, script: 30000}, unhandledPromptBehavior: dismiss and notify, webauthn:extension:credBlob: true, webauthn:extension:largeBlob: true, webauthn:extension:minPinLength: true, webauthn:extension:prf: true, webauthn:virtualAuthenticators: true}
Session ID: a26313c82ce9dbadbe50f9575805f36c
at java.base/jdk.internal.reflect.DirectConstructorHandleAccessor.newInstance(DirectConstructorHandleAccessor.java:67)
at java.base/java.lang.reflect.Constructor.newInstanceWithCaller(Constructor.java:500)
at java.base/java.lang.reflect.Constructor.newInstance(Constructor.java:484)
at org.openqa.selenium.remote.http.W3CHttpResponseCodec.createException(W3CHttpResponseCodec.java:187)
at org.openqa.selenium.remote.http.W3CHttpResponseCodec.decode(W3CHttpResponseCodec.java:122)
at org.openqa.selenium.remote.http.W3CHttpResponseCodec.decode(W3CHttpResponseCodec.java:49)
at org.openqa.selenium.remote.HttpCommandExecutor.execute(HttpCommandExecutor.java:158)
at org.openqa.selenium.remote.service.DriverCommandExecutor.execute(DriverCommandExecutor.java:83)
at org.openqa.selenium.remote.RemoteWebDriver.execute(RemoteWebDriver.java:552)
at org.openqa.selenium.remote.RemoteWebElement.execute(RemoteWebElement.java:285)
at org.openqa.selenium.remote.RemoteWebElement.click(RemoteWebElement.java:84)
at litigationManagement.CFOMethod.CriticalDocuments(CFOMethod.java:7854)
at litigationManagement.CFO.CriticalDocuments(CFO.java:2178)
at java.base/jdk.internal.reflect.DirectMethodHandleAccessor.invoke(DirectMethodHandleAccessor.java:104)
at java.base/java.lang.reflect.Method.invoke(Method.java:578)
at org.testng.internal.MethodInvocationHelper.invokeMethod(MethodInvocationHelper.java:133)
at org.testng.internal.TestInvoker.invokeMethod(TestInvoker.java:598)
at org.testng.internal.TestInvoker.invokeTestMethod(TestInvoker.java:173)
at org.testng.internal.MethodRunner.runInSequence(MethodRunner.java:46)
at org.testng.internal.TestInvoker$MethodInvocationAgent.invoke(TestInvoker.java:824)
at org.testng.internal.TestInvoker.invokeTestMethods(TestInvoker.java:146)
at org.testng.internal.TestMethodWorker.invokeTestMethods(TestMethodWorker.java:146)
at org.testng.internal.TestMethodWorker.run(TestMethodWorker.java:128)
at java.base/java.util.ArrayList.forEach(ArrayList.java:1511)
at org.testng.TestRunner.privateRun(TestRunner.java:794)
at org.testng.TestRunner.run(TestRunner.java:596)
at org.testng.SuiteRunner.runTest(SuiteRunner.java:377)
at org.testng.SuiteRunner.runSequentially(SuiteRunner.java:371)
at org.testng.SuiteRunner.privateRun(SuiteRunner.java:332)
at org.testng.SuiteRunner.run(SuiteRunner.java:276)
at org.testng.SuiteRunnerWorker.runSuite(SuiteRunnerWorker.java:53)
at org.testng.SuiteRunnerWorker.run(SuiteRunnerWorker.java:96)
at org.testng.TestNG.runSuitesSequentially(TestNG.java:1212)
at org.testng.TestNG.runSuitesLocally(TestNG.java:1134)
at org.testng.TestNG.runSuites(TestNG.java:1063)
at org.testng.TestNG.run(TestNG.java:1031)
at org.testng.remote.AbstractRemoteTestNG.run(AbstractRemoteTestNG.java:115)
at org.testng.remote.RemoteTestNG.initAndRun(RemoteTestNG.java:251)
at org.testng.remote.RemoteTestNG.main(RemoteTestNG.java:77)
]]>
    </error>
  </testcase> <!-- CriticalDocuments -->
  <system-out/>
  <testcase classname="litigationManagement.CFO" name="MoreReports" time="0.000">
    <skipped/>
  </testcase> <!-- MoreReports -->
  <system-out/>
  <testcase classname="litigationManagement.CFO" name="CriticalDocuments1" time="0.000">
    <skipped/>
  </testcase> <!-- CriticalDocuments1 -->
  <system-out/>
  <testcase classname="litigationManagement.CFO" name="Masters" time="0.000">
    <skipped/>
  </testcase> <!-- Masters -->
  <system-out/>
  <testcase classname="litigationManagement.CFO" name="MastersLegalEntity" time="0.000">
    <skipped/>
  </testcase> <!-- MastersLegalEntity -->
  <system-out/>
  <testcase classname="litigationManagement.CFO" name="MastersLegalEntity1" time="0.000">
    <skipped/>
  </testcase> <!-- MastersLegalEntity1 -->
  <system-out/>
  <testcase classname="litigationManagement.CFO" name="MastersLegalEntity2" time="0.000">
    <skipped/>
  </testcase> <!-- MastersLegalEntity2 -->
  <system-out/>
  <testcase classname="litigationManagement.CFO" name="MastersLegalEntity3" time="0.000">
    <skipped/>
  </testcase> <!-- MastersLegalEntity3 -->
  <system-out/>
  <testcase classname="litigationManagement.CFO" name="UnitEntity" time="0.000">
    <skipped/>
  </testcase> <!-- UnitEntity -->
  <system-out/>
  <testcase classname="litigationManagement.CFO" name="Masters1" time="0.000">
    <skipped/>
  </testcase> <!-- Masters1 -->
  <system-out/>
  <testcase classname="litigationManagement.CFO" name="MastersLawFirm" time="0.000">
    <skipped/>
  </testcase> <!-- MastersLawFirm -->
  <system-out/>
  <testcase classname="litigationManagement.CFO" name="MastersLawFirm1" time="0.000">
    <skipped/>
  </testcase> <!-- MastersLawFirm1 -->
  <system-out/>
  <testcase classname="litigationManagement.CFO" name="MastersLawFirm2" time="0.000">
    <skipped/>
  </testcase> <!-- MastersLawFirm2 -->
  <system-out/>
  <testcase classname="litigationManagement.CFO" name="MastersLawFirm3" time="0.000">
    <skipped/>
  </testcase> <!-- MastersLawFirm3 -->
  <system-out/>
  <testcase classname="litigationManagement.CFO" name="LawyerWithoutData" time="0.000">
    <skipped/>
  </testcase> <!-- LawyerWithoutData -->
  <system-out/>
  <testcase classname="litigationManagement.CFO" name="LawyerInvalidData" time="0.000">
    <skipped/>
  </testcase> <!-- LawyerInvalidData -->
  <system-out/>
  <testcase classname="litigationManagement.CFO" name="LawyerTwoManadatoryFileds" time="0.000">
    <skipped/>
  </testcase> <!-- LawyerTwoManadatoryFileds -->
  <system-out/>
  <testcase classname="litigationManagement.CFO" name="LawyerCloseButton" time="0.000">
    <skipped/>
  </testcase> <!-- LawyerCloseButton -->
  <system-out/>
  <testcase classname="litigationManagement.CFO" name="Masters2" time="0.000">
    <skipped/>
  </testcase> <!-- Masters2 -->
  <system-out/>
  <testcase classname="litigationManagement.CFO" name="UserWithoutData" time="0.000">
    <skipped/>
  </testcase> <!-- UserWithoutData -->
  <system-out/>
  <testcase classname="litigationManagement.CFO" name="UserInvalidData" time="0.000">
    <skipped/>
  </testcase> <!-- UserInvalidData -->
  <system-out/>
  <testcase classname="litigationManagement.CFO" name="UserTwoManadatoryFields" time="0.000">
    <skipped/>
  </testcase> <!-- UserTwoManadatoryFields -->
  <system-out/>
  <testcase classname="litigationManagement.CFO" name="UserCloseButton" time="0.000">
    <skipped/>
  </testcase> <!-- UserCloseButton -->
  <system-out/>
  <testcase classname="litigationManagement.CFO" name="Masters3" time="0.000">
    <skipped/>
  </testcase> <!-- Masters3 -->
  <system-out/>
  <testcase classname="litigationManagement.CFO" name="OpponentWithoutData" time="0.000">
    <skipped/>
  </testcase> <!-- OpponentWithoutData -->
  <system-out/>
  <testcase classname="litigationManagement.CFO" name="OpponentInvalidData" time="0.000">
    <skipped/>
  </testcase> <!-- OpponentInvalidData -->
  <system-out/>
  <testcase classname="litigationManagement.CFO" name="OpponentCloseButton" time="0.000">
    <skipped/>
  </testcase> <!-- OpponentCloseButton -->
  <system-out/>
  <testcase classname="litigationManagement.CFO" name="Masters4" time="0.000">
    <skipped/>
  </testcase> <!-- Masters4 -->
  <system-out/>
  <testcase classname="litigationManagement.CFO" name="CourtWithoutData" time="0.001">
    <skipped/>
  </testcase> <!-- CourtWithoutData -->
  <system-out/>
  <testcase classname="litigationManagement.CFO" name="CourtInvalidData" time="0.000">
    <skipped/>
  </testcase> <!-- CourtInvalidData -->
  <system-out/>
  <testcase classname="litigationManagement.CFO" name="CourtTwomanadatoryFields" time="0.000">
    <skipped/>
  </testcase> <!-- CourtTwomanadatoryFields -->
  <system-out/>
  <testcase classname="litigationManagement.CFO" name="CourtCloseButton" time="0.000">
    <skipped/>
  </testcase> <!-- CourtCloseButton -->
  <system-out/>
  <testcase classname="litigationManagement.CFO" name="Masters5" time="0.000">
    <skipped/>
  </testcase> <!-- Masters5 -->
  <system-out/>
  <testcase classname="litigationManagement.CFO" name="CaseNoticeTypeWithoutData" time="0.000">
    <skipped/>
  </testcase> <!-- CaseNoticeTypeWithoutData -->
  <system-out/>
  <testcase classname="litigationManagement.CFO" name="CaseNoticeTypeInvaliData" time="0.000">
    <skipped/>
  </testcase> <!-- CaseNoticeTypeInvaliData -->
  <system-out/>
  <testcase classname="litigationManagement.CFO" name="CaseNoticeTypeCloseBuuton" time="0.000">
    <skipped/>
  </testcase> <!-- CaseNoticeTypeCloseBuuton -->
  <system-out/>
  <testcase classname="litigationManagement.CFO" name="Masters6" time="0.000">
    <skipped/>
  </testcase> <!-- Masters6 -->
  <system-out/>
  <testcase classname="litigationManagement.CFO" name="PaymentTypeWithouData" time="0.000">
    <skipped/>
  </testcase> <!-- PaymentTypeWithouData -->
  <system-out/>
  <testcase classname="litigationManagement.CFO" name="PaymentTypeInvalidData" time="0.000">
    <skipped/>
  </testcase> <!-- PaymentTypeInvalidData -->
  <system-out/>
  <testcase classname="litigationManagement.CFO" name="PaymentTypeCloseButton" time="0.000">
    <skipped/>
  </testcase> <!-- PaymentTypeCloseButton -->
  <system-out/>
  <testcase classname="litigationManagement.CFO" name="Masters7" time="0.000">
    <skipped/>
  </testcase> <!-- Masters7 -->
  <system-out/>
  <testcase classname="litigationManagement.CFO" name="customParameterWithoutData" time="0.000">
    <skipped/>
  </testcase> <!-- customParameterWithoutData -->
  <system-out/>
  <testcase classname="litigationManagement.CFO" name="customParameterCloseButton" time="0.000">
    <skipped/>
  </testcase> <!-- customParameterCloseButton -->
  <system-out/>
  <testcase classname="litigationManagement.CFO" name="Masters8" time="0.000">
    <skipped/>
  </testcase> <!-- Masters8 -->
  <system-out/>
  <testcase classname="litigationManagement.CFO" name="CaseStageWithoutData" time="0.000">
    <skipped/>
  </testcase> <!-- CaseStageWithoutData -->
  <system-out/>
  <testcase classname="litigationManagement.CFO" name="CaseStageInvalidData" time="0.000">
    <skipped/>
  </testcase> <!-- CaseStageInvalidData -->
  <system-out/>
  <testcase classname="litigationManagement.CFO" name="CaseStageCloseButton" time="0.000">
    <skipped/>
  </testcase> <!-- CaseStageCloseButton -->
  <system-out/>
  <testcase classname="litigationManagement.CFO" name="Masters9" time="0.000">
    <skipped/>
  </testcase> <!-- Masters9 -->
  <system-out/>
  <testcase classname="litigationManagement.CFO" name="DocumentTypeWithoutData" time="0.000">
    <skipped/>
  </testcase> <!-- DocumentTypeWithoutData -->
  <system-out/>
  <testcase classname="litigationManagement.CFO" name="DocumentTypeInvalidData" time="0.000">
    <skipped/>
  </testcase> <!-- DocumentTypeInvalidData -->
  <system-out/>
  <testcase classname="litigationManagement.CFO" name="DocumentTypeCloseButton" time="0.000">
    <skipped/>
  </testcase> <!-- DocumentTypeCloseButton -->
  <system-out/>
  <testcase classname="litigationManagement.CFO" name="Masters10" time="0.000">
    <skipped/>
  </testcase> <!-- Masters10 -->
  <system-out/>
  <testcase classname="litigationManagement.CFO" name="RatingCriteriaWithoutData" time="0.000">
    <skipped/>
  </testcase> <!-- RatingCriteriaWithoutData -->
  <system-out/>
  <testcase classname="litigationManagement.CFO" name="RatingCriteriaInvalidData" time="0.000">
    <skipped/>
  </testcase> <!-- RatingCriteriaInvalidData -->
  <system-out/>
  <testcase classname="litigationManagement.CFO" name="RatingCriteriaCloseButton" time="0.000">
    <skipped/>
  </testcase> <!-- RatingCriteriaCloseButton -->
  <system-out/>
  <testcase classname="litigationManagement.CFO" name="Masters12" time="0.000">
    <skipped/>
  </testcase> <!-- Masters12 -->
  <system-out/>
  <testcase classname="litigationManagement.CFO" name="Masters11" time="0.000">
    <skipped/>
  </testcase> <!-- Masters11 -->
  <system-out/>
  <testcase classname="litigationManagement.CFO" name="Masters13" time="0.000">
    <skipped/>
  </testcase> <!-- Masters13 -->
  <system-out/>
  <testcase classname="litigationManagement.CFO" name="CaseHearing" time="0.000">
    <skipped/>
  </testcase> <!-- CaseHearing -->
  <system-out/>
  <testcase classname="litigationManagement.CFO" name="NoticeDocViewandDownload" time="0.000">
    <skipped/>
  </testcase> <!-- NoticeDocViewandDownload -->
  <system-out/>
</testsuite> <!-- litigationManagement.CFO -->
