<?xml version="1.0" encoding="UTF-8"?>
<!-- Generated by org.testng.reporters.JUnitReportReporter -->
<testsuite hostname="DESKTOP-6RDAJ8O" failures="0" tests="1" name="litigationExternalLawyer.ExternalLawyer" time="23.314" errors="0" timestamp="2023-02-15T20:05:42 IST" skipped="0">
  <testcase classname="litigationExternalLawyer.ExternalLawyer" name="Login" time="23.314"/>
  <system-out/>
</testsuite> <!-- litigationExternalLawyer.ExternalLawyer -->
