<?xml version="1.0" encoding="UTF-8"?>
<!-- Generated by org.testng.reporters.JUnitReportReporter -->
<testsuite hostname="DESKTOP-6RDAJ8O" failures="0" tests="8" name="litigationFE.FE" time="671.329" errors="0" timestamp="2023-02-06T18:57:40 IST" skipped="0">
  <testcase classname="litigationFE.FE" name="Login" time="29.560"/>
  <system-out/>
  <testcase classname="litigationFE.FE" name="DashBoardFilter" time="106.345"/>
  <system-out/>
  <testcase classname="litigationFE.FE" name="CaseNoticeStageGraph" time="84.725"/>
  <system-out/>
  <testcase classname="litigationFE.FE" name="CaseNoticeTypeGraph" time="88.307"/>
  <system-out/>
  <testcase classname="litigationFE.FE" name="RiskSummaryGraph" time="124.896"/>
  <system-out/>
  <testcase classname="litigationFE.FE" name="DepartmentSummaryGraph" time="70.706"/>
  <system-out/>
  <testcase classname="litigationFE.FE" name="LocationSummaryGraph" time="79.314"/>
  <system-out/>
  <testcase classname="litigationFE.FE" name="CategorySummaryGraph" time="87.476"/>
  <system-out/>
</testsuite> <!-- litigationFE.FE -->
