<?xml version="1.0" encoding="UTF-8"?>
<!-- Generated by org.testng.reporters.JUnitReportReporter -->
<testsuite hostname="DESKTOP-LP" failures="0" tests="138" name="litigationManagement.CFO" time="19.837" errors="1" timestamp="2023-07-05T17:51:21 IST" skipped="137">
  <testcase classname="litigationManagement.CFO" name="Login" time="19.837">
    <error message="no such element: Unable to locate element: {&quot;method&quot;:&quot;xpath&quot;,&quot;selector&quot;:&quot;//span[@id=&#039;lblQuestion1&#039;]&quot;}
  (Session info: chrome=114.0.5735.199)
For documentation on this error, please visit: http://seleniumhq.org/exceptions/no_such_element.html
Build info: version: &#039;3.141.0&#039;, revision: &#039;2ecb7d9a&#039;, time: &#039;2018-10-31T20:09:30&#039;
System info: host: &#039;DESKTOP-LP&#039;, ip: &#039;172.22.32.1&#039;, os.name: &#039;Windows 10&#039;, os.arch: &#039;amd64&#039;, os.version: &#039;10.0&#039;, java.version: &#039;20&#039;
Driver info: org.openqa.selenium.chrome.ChromeDriver
Capabilities {acceptInsecureCerts: false, browserName: chrome, browserVersion: 114.0.5735.199, chrome: {chromedriverVersion: 114.0.5735.90 (386bc09e8f4f..., userDataDir: C:\Users\SNEHAL~1\AppData\L...}, goog:chromeOptions: {debuggerAddress: localhost:58320}, javascriptEnabled: true, networkConnectionEnabled: false, pageLoadStrategy: normal, platform: WINDOWS, platformName: WINDOWS, proxy: Proxy(), setWindowRect: true, strictFileInteractability: false, timeouts: {implicit: 0, pageLoad: 300000, script: 30000}, unhandledPromptBehavior: dismiss and notify, webauthn:extension:credBlob: true, webauthn:extension:largeBlob: true, webauthn:extension:minPinLength: true, webauthn:extension:prf: true, webauthn:virtualAuthenticators: true}
Session ID: 7a5530d591c9dc57b124f80938bf23bb
*** Element info: {Using=xpath, value=//span[@id=&#039;lblQuestion1&#039;]}" type="org.openqa.selenium.NoSuchElementException">
      <![CDATA[org.openqa.selenium.NoSuchElementException: no such element: Unable to locate element: {"method":"xpath","selector":"//span[@id='lblQuestion1']"}
  (Session info: chrome=114.0.5735.199)
For documentation on this error, please visit: http://seleniumhq.org/exceptions/no_such_element.html
Build info: version: '3.141.0', revision: '2ecb7d9a', time: '2018-10-31T20:09:30'
System info: host: 'DESKTOP-LP', ip: '172.22.32.1', os.name: 'Windows 10', os.arch: 'amd64', os.version: '10.0', java.version: '20'
Driver info: org.openqa.selenium.chrome.ChromeDriver
Capabilities {acceptInsecureCerts: false, browserName: chrome, browserVersion: 114.0.5735.199, chrome: {chromedriverVersion: 114.0.5735.90 (386bc09e8f4f..., userDataDir: C:\Users\SNEHAL~1\AppData\L...}, goog:chromeOptions: {debuggerAddress: localhost:58320}, javascriptEnabled: true, networkConnectionEnabled: false, pageLoadStrategy: normal, platform: WINDOWS, platformName: WINDOWS, proxy: Proxy(), setWindowRect: true, strictFileInteractability: false, timeouts: {implicit: 0, pageLoad: 300000, script: 30000}, unhandledPromptBehavior: dismiss and notify, webauthn:extension:credBlob: true, webauthn:extension:largeBlob: true, webauthn:extension:minPinLength: true, webauthn:extension:prf: true, webauthn:virtualAuthenticators: true}
Session ID: 7a5530d591c9dc57b124f80938bf23bb
*** Element info: {Using=xpath, value=//span[@id='lblQuestion1']}
at java.base/jdk.internal.reflect.DirectConstructorHandleAccessor.newInstance(DirectConstructorHandleAccessor.java:67)
at java.base/java.lang.reflect.Constructor.newInstanceWithCaller(Constructor.java:500)
at java.base/java.lang.reflect.Constructor.newInstance(Constructor.java:484)
at org.openqa.selenium.remote.http.W3CHttpResponseCodec.createException(W3CHttpResponseCodec.java:187)
at org.openqa.selenium.remote.http.W3CHttpResponseCodec.decode(W3CHttpResponseCodec.java:122)
at org.openqa.selenium.remote.http.W3CHttpResponseCodec.decode(W3CHttpResponseCodec.java:49)
at org.openqa.selenium.remote.HttpCommandExecutor.execute(HttpCommandExecutor.java:158)
at org.openqa.selenium.remote.service.DriverCommandExecutor.execute(DriverCommandExecutor.java:83)
at org.openqa.selenium.remote.RemoteWebDriver.execute(RemoteWebDriver.java:552)
at org.openqa.selenium.remote.RemoteWebDriver.findElement(RemoteWebDriver.java:323)
at org.openqa.selenium.remote.RemoteWebDriver.findElementByXPath(RemoteWebDriver.java:428)
at org.openqa.selenium.By$ByXPath.findElement(By.java:353)
at org.openqa.selenium.remote.RemoteWebDriver.findElement(RemoteWebDriver.java:315)
at login.LoginPOM.Question1(LoginPOM.java:57)
at login.Login.UserLogin(Login.java:104)
at litigationManagement.CFO.Login(CFO.java:99)
at java.base/jdk.internal.reflect.DirectMethodHandleAccessor.invoke(DirectMethodHandleAccessor.java:104)
at java.base/java.lang.reflect.Method.invoke(Method.java:578)
at org.testng.internal.MethodInvocationHelper.invokeMethod(MethodInvocationHelper.java:133)
at org.testng.internal.MethodInvocationHelper.invokeMethodConsideringTimeout(MethodInvocationHelper.java:62)
at org.testng.internal.ConfigInvoker.invokeConfigurationMethod(ConfigInvoker.java:385)
at org.testng.internal.ConfigInvoker.invokeConfigurations(ConfigInvoker.java:321)
at org.testng.internal.TestInvoker.runConfigMethods(TestInvoker.java:700)
at org.testng.internal.TestInvoker.invokeMethod(TestInvoker.java:527)
at org.testng.internal.TestInvoker.invokeTestMethod(TestInvoker.java:173)
at org.testng.internal.MethodRunner.runInSequence(MethodRunner.java:46)
at org.testng.internal.TestInvoker$MethodInvocationAgent.invoke(TestInvoker.java:824)
at org.testng.internal.TestInvoker.invokeTestMethods(TestInvoker.java:146)
at org.testng.internal.TestMethodWorker.invokeTestMethods(TestMethodWorker.java:146)
at org.testng.internal.TestMethodWorker.run(TestMethodWorker.java:128)
at java.base/java.util.ArrayList.forEach(ArrayList.java:1511)
at org.testng.TestRunner.privateRun(TestRunner.java:794)
at org.testng.TestRunner.run(TestRunner.java:596)
at org.testng.SuiteRunner.runTest(SuiteRunner.java:377)
at org.testng.SuiteRunner.runSequentially(SuiteRunner.java:371)
at org.testng.SuiteRunner.privateRun(SuiteRunner.java:332)
at org.testng.SuiteRunner.run(SuiteRunner.java:276)
at org.testng.SuiteRunnerWorker.runSuite(SuiteRunnerWorker.java:53)
at org.testng.SuiteRunnerWorker.run(SuiteRunnerWorker.java:96)
at org.testng.TestNG.runSuitesSequentially(TestNG.java:1212)
at org.testng.TestNG.runSuitesLocally(TestNG.java:1134)
at org.testng.TestNG.runSuites(TestNG.java:1063)
at org.testng.TestNG.run(TestNG.java:1031)
at org.testng.remote.AbstractRemoteTestNG.run(AbstractRemoteTestNG.java:115)
at org.testng.remote.RemoteTestNG.initAndRun(RemoteTestNG.java:251)
at org.testng.remote.RemoteTestNG.main(RemoteTestNG.java:77)
]]>
    </error>
  </testcase> <!-- Login -->
  <system-out/>
  <testcase classname="litigationManagement.CFO" name="DocumentTypeWithoutData" time="0.000">
    <skipped/>
  </testcase> <!-- DocumentTypeWithoutData -->
  <system-out/>
  <testcase classname="litigationManagement.CFO" name="RatingCriteriaWithoutData" time="0.000">
    <skipped/>
  </testcase> <!-- RatingCriteriaWithoutData -->
  <system-out/>
  <testcase classname="litigationManagement.CFO" name="CaseNoticeTypeGraph" time="0.000">
    <skipped/>
  </testcase> <!-- CaseNoticeTypeGraph -->
  <system-out/>
  <testcase classname="litigationManagement.CFO" name="PaymentTypeInvalidData" time="0.000">
    <skipped/>
  </testcase> <!-- PaymentTypeInvalidData -->
  <system-out/>
  <testcase classname="litigationManagement.CFO" name="RatingCriteriaInvalidData" time="0.000">
    <skipped/>
  </testcase> <!-- RatingCriteriaInvalidData -->
  <system-out/>
  <testcase classname="litigationManagement.CFO" name="DocumentTypeInvalidData" time="0.000">
    <skipped/>
  </testcase> <!-- DocumentTypeInvalidData -->
  <system-out/>
  <testcase classname="litigationManagement.CFO" name="PaymentTypeCloseButton" time="0.000">
    <skipped/>
  </testcase> <!-- PaymentTypeCloseButton -->
  <system-out/>
  <testcase classname="litigationManagement.CFO" name="DocumentTypeCloseButton" time="0.000">
    <skipped/>
  </testcase> <!-- DocumentTypeCloseButton -->
  <system-out/>
  <testcase classname="litigationManagement.CFO" name="RatingCriteriaCloseButton" time="0.000">
    <skipped/>
  </testcase> <!-- RatingCriteriaCloseButton -->
  <system-out/>
  <testcase classname="litigationManagement.CFO" name="PetitionerAgeingGraph" time="0.000">
    <skipped/>
  </testcase> <!-- PetitionerAgeingGraph -->
  <system-out/>
  <testcase classname="litigationManagement.CFO" name="RespondentAgeingGraph" time="0.000">
    <skipped/>
  </testcase> <!-- RespondentAgeingGraph -->
  <system-out/>
  <testcase classname="litigationManagement.CFO" name="ComplainantAgeingGraph1to2years" time="0.000">
    <skipped/>
  </testcase> <!-- ComplainantAgeingGraph1to2years -->
  <system-out/>
  <testcase classname="litigationManagement.CFO" name="InwardDefendentAgeingGraph1to2years" time="0.000">
    <skipped/>
  </testcase> <!-- InwardDefendentAgeingGraph1to2years -->
  <system-out/>
  <testcase classname="litigationManagement.CFO" name="OutwardPlaintiffAgeingGraph1to2years" time="0.000">
    <skipped/>
  </testcase> <!-- OutwardPlaintiffAgeingGraph1to2years -->
  <system-out/>
  <testcase classname="litigationManagement.CFO" name="RespondentAgeingGraph1to2yearsAgeingGraph1to2years" time="0.000">
    <skipped/>
  </testcase> <!-- RespondentAgeingGraph1to2yearsAgeingGraph1to2years -->
  <system-out/>
  <testcase classname="litigationManagement.CFO" name="InwardDefendentAgeingGraph2to3years" time="0.000">
    <skipped/>
  </testcase> <!-- InwardDefendentAgeingGraph2to3years -->
  <system-out/>
  <testcase classname="litigationManagement.CFO" name="CaseNoticeTypeGraph1" time="0.000">
    <skipped/>
  </testcase> <!-- CaseNoticeTypeGraph1 -->
  <system-out/>
  <testcase classname="litigationManagement.CFO" name="CaseNoticeStageGraph1" time="0.000">
    <skipped/>
  </testcase> <!-- CaseNoticeStageGraph1 -->
  <system-out/>
  <testcase classname="litigationManagement.CFO" name="RiskSummaryGraph1" time="0.000">
    <skipped/>
  </testcase> <!-- RiskSummaryGraph1 -->
  <system-out/>
  <testcase classname="litigationManagement.CFO" name="DepartmentSummaryGraph1" time="0.000">
    <skipped/>
  </testcase> <!-- DepartmentSummaryGraph1 -->
  <system-out/>
  <testcase classname="litigationManagement.CFO" name="LocationSummaryGraph1" time="0.000">
    <skipped/>
  </testcase> <!-- LocationSummaryGraph1 -->
  <system-out/>
  <testcase classname="litigationManagement.CFO" name="CategorySummaryGraph1" time="0.000">
    <skipped/>
  </testcase> <!-- CategorySummaryGraph1 -->
  <system-out/>
  <testcase classname="litigationManagement.CFO" name="InwardDefendantAgeingGraphCase" time="0.000">
    <skipped/>
  </testcase> <!-- InwardDefendantAgeingGraphCase -->
  <system-out/>
  <testcase classname="litigationManagement.CFO" name="OutwardPlaintiffAgeingGraphCase" time="0.000">
    <skipped/>
  </testcase> <!-- OutwardPlaintiffAgeingGraphCase -->
  <system-out/>
  <testcase classname="litigationManagement.CFO" name="PetitionerAgeingGraphCase" time="0.000">
    <skipped/>
  </testcase> <!-- PetitionerAgeingGraphCase -->
  <system-out/>
  <testcase classname="litigationManagement.CFO" name="NoticeWithExistingData" time="0.000">
    <skipped/>
  </testcase> <!-- NoticeWithExistingData -->
  <system-out/>
  <testcase classname="litigationManagement.CFO" name="CaseOpen" time="0.000">
    <skipped/>
  </testcase> <!-- CaseOpen -->
  <system-out/>
  <testcase classname="litigationManagement.CFO" name="NoticeWithInvalidData" time="0.000">
    <skipped/>
  </testcase> <!-- NoticeWithInvalidData -->
  <system-out/>
  <testcase classname="litigationManagement.CFO" name="TaskOpen" time="0.000">
    <skipped/>
  </testcase> <!-- TaskOpen -->
  <system-out/>
  <testcase classname="litigationManagement.CFO" name="CaseExistingData" time="0.000">
    <skipped/>
  </testcase> <!-- CaseExistingData -->
  <system-out/>
  <testcase classname="litigationManagement.CFO" name="CaseWithInvalidData" time="0.000">
    <skipped/>
  </testcase> <!-- CaseWithInvalidData -->
  <system-out/>
  <testcase classname="litigationManagement.CFO" name="NoticeWithTwoMandatoryData" time="0.000">
    <skipped/>
  </testcase> <!-- NoticeWithTwoMandatoryData -->
  <system-out/>
  <testcase classname="litigationManagement.CFO" name="NoticeWithEmptyFields" time="0.000">
    <skipped/>
  </testcase> <!-- NoticeWithEmptyFields -->
  <system-out/>
  <testcase classname="litigationManagement.CFO" name="CaseWithTwoFieldsData" time="0.000">
    <skipped/>
  </testcase> <!-- CaseWithTwoFieldsData -->
  <system-out/>
  <testcase classname="litigationManagement.CFO" name="CaseClose" time="0.000">
    <skipped/>
  </testcase> <!-- CaseClose -->
  <system-out/>
  <testcase classname="litigationManagement.CFO" name="NoticeClearBtn" time="0.000">
    <skipped/>
  </testcase> <!-- NoticeClearBtn -->
  <system-out/>
  <testcase classname="litigationManagement.CFO" name="CaseWithEmptyFields" time="0.000">
    <skipped/>
  </testcase> <!-- CaseWithEmptyFields -->
  <system-out/>
  <testcase classname="litigationManagement.CFO" name="CaseWithClearBtn" time="0.000">
    <skipped/>
  </testcase> <!-- CaseWithClearBtn -->
  <system-out/>
  <testcase classname="litigationManagement.CFO" name="LinkCase" time="0.000">
    <skipped/>
  </testcase> <!-- LinkCase -->
  <system-out/>
  <testcase classname="litigationManagement.CFO" name="NoticeSendMailWithDoc" time="0.000">
    <skipped/>
  </testcase> <!-- NoticeSendMailWithDoc -->
  <system-out/>
  <testcase classname="litigationManagement.CFO" name="LinkCaseViewIcon" time="0.000">
    <skipped/>
  </testcase> <!-- LinkCaseViewIcon -->
  <system-out/>
  <testcase classname="litigationManagement.CFO" name="CaseSendMailWithDoc" time="0.000">
    <skipped/>
  </testcase> <!-- CaseSendMailWithDoc -->
  <system-out/>
  <testcase classname="litigationManagement.CFO" name="NoticeSendMailWithDocInvalidFields" time="0.000">
    <skipped/>
  </testcase> <!-- NoticeSendMailWithDocInvalidFields -->
  <system-out/>
  <testcase classname="litigationManagement.CFO" name="CaseSendMailWithDocInvalidFields" time="0.000">
    <skipped/>
  </testcase> <!-- CaseSendMailWithDocInvalidFields -->
  <system-out/>
  <testcase classname="litigationManagement.CFO" name="NoticeSendMailWithDocEmptyFields" time="0.000">
    <skipped/>
  </testcase> <!-- NoticeSendMailWithDocEmptyFields -->
  <system-out/>
  <testcase classname="litigationManagement.CFO" name="LinkCaseDeleteIcon" time="0.000">
    <skipped/>
  </testcase> <!-- LinkCaseDeleteIcon -->
  <system-out/>
  <testcase classname="litigationManagement.CFO" name="CloseCase" time="0.000">
    <skipped/>
  </testcase> <!-- CloseCase -->
  <system-out/>
  <testcase classname="litigationManagement.CFO" name="NoticeUserAssignment" time="0.000">
    <skipped/>
  </testcase> <!-- NoticeUserAssignment -->
  <system-out/>
  <testcase classname="litigationManagement.CFO" name="CaseSendMailWithDocEmptyFields" time="0.000">
    <skipped/>
  </testcase> <!-- CaseSendMailWithDocEmptyFields -->
  <system-out/>
  <testcase classname="litigationManagement.CFO" name="TaskClosed" time="0.000">
    <skipped/>
  </testcase> <!-- TaskClosed -->
  <system-out/>
  <testcase classname="litigationManagement.CFO" name="NoticeUserAssignmentDelete" time="0.000">
    <skipped/>
  </testcase> <!-- NoticeUserAssignmentDelete -->
  <system-out/>
  <testcase classname="litigationManagement.CFO" name="CaseUserAssignment" time="0.000">
    <skipped/>
  </testcase> <!-- CaseUserAssignment -->
  <system-out/>
  <testcase classname="litigationManagement.CFO" name="CaseUserAssignmentDelete" time="0.000">
    <skipped/>
  </testcase> <!-- CaseUserAssignmentDelete -->
  <system-out/>
  <testcase classname="litigationManagement.CFO" name="LinkNotice" time="0.000">
    <skipped/>
  </testcase> <!-- LinkNotice -->
  <system-out/>
  <testcase classname="litigationManagement.CFO" name="LinkNoticeViewIcon" time="0.000">
    <skipped/>
  </testcase> <!-- LinkNoticeViewIcon -->
  <system-out/>
  <testcase classname="litigationManagement.CFO" name="LinkNoticeDeleteIcon" time="0.000">
    <skipped/>
  </testcase> <!-- LinkNoticeDeleteIcon -->
  <system-out/>
  <testcase classname="litigationManagement.CFO" name="NoticeDocumentSearchFields" time="0.000">
    <skipped/>
  </testcase> <!-- NoticeDocumentSearchFields -->
  <system-out/>
  <testcase classname="litigationManagement.CFO" name="TaskwithExistingData" time="0.000">
    <skipped/>
  </testcase> <!-- TaskwithExistingData -->
  <system-out/>
  <testcase classname="litigationManagement.CFO" name="TaskwithTwoManadatoryFields" time="0.000">
    <skipped/>
  </testcase> <!-- TaskwithTwoManadatoryFields -->
  <system-out/>
  <testcase classname="litigationManagement.CFO" name="TaskwithoutData" time="0.000">
    <skipped/>
  </testcase> <!-- TaskwithoutData -->
  <system-out/>
  <testcase classname="litigationManagement.CFO" name="TaskwithClearBtn" time="0.000">
    <skipped/>
  </testcase> <!-- TaskwithClearBtn -->
  <system-out/>
  <testcase classname="litigationManagement.CFO" name="NoticeDocumentShareCloseBtn" time="0.000">
    <skipped/>
  </testcase> <!-- NoticeDocumentShareCloseBtn -->
  <system-out/>
  <testcase classname="litigationManagement.CFO" name="CaseDocument" time="0.000">
    <skipped/>
  </testcase> <!-- CaseDocument -->
  <system-out/>
  <testcase classname="litigationManagement.CFO" name="CaseWithoutUploadDocument" time="0.000">
    <skipped/>
  </testcase> <!-- CaseWithoutUploadDocument -->
  <system-out/>
  <testcase classname="litigationManagement.CFO" name="NoticeTaskActivity" time="0.000">
    <skipped/>
  </testcase> <!-- NoticeTaskActivity -->
  <system-out/>
  <testcase classname="litigationManagement.CFO" name="TaskDelete" time="0.000">
    <skipped/>
  </testcase> <!-- TaskDelete -->
  <system-out/>
  <testcase classname="litigationManagement.CFO" name="CaseTaskActivity" time="0.000">
    <skipped/>
  </testcase> <!-- CaseTaskActivity -->
  <system-out/>
  <testcase classname="litigationManagement.CFO" name="NoticeClosed" time="0.000">
    <skipped/>
  </testcase> <!-- NoticeClosed -->
  <system-out/>
  <testcase classname="litigationManagement.CFO" name="CaseHearingcfo" time="0.000">
    <skipped/>
  </testcase> <!-- CaseHearingcfo -->
  <system-out/>
  <testcase classname="litigationManagement.CFO" name="TaskActivtityDeleteResponse" time="0.000">
    <skipped/>
  </testcase> <!-- TaskActivtityDeleteResponse -->
  <system-out/>
  <testcase classname="litigationManagement.CFO" name="CaseTaskActivityWithoutData" time="0.000">
    <skipped/>
  </testcase> <!-- CaseTaskActivityWithoutData -->
  <system-out/>
  <testcase classname="litigationManagement.CFO" name="CaseExistingHearingDate" time="0.000">
    <skipped/>
  </testcase> <!-- CaseExistingHearingDate -->
  <system-out/>
  <testcase classname="litigationManagement.CFO" name="CaseDocumentEmptyFields" time="0.000">
    <skipped/>
  </testcase> <!-- CaseDocumentEmptyFields -->
  <system-out/>
  <testcase classname="litigationManagement.CFO" name="TaskActivtityExistingData" time="0.000">
    <skipped/>
  </testcase> <!-- TaskActivtityExistingData -->
  <system-out/>
  <testcase classname="litigationManagement.CFO" name="CaseWithoutHearingData" time="0.000">
    <skipped/>
  </testcase> <!-- CaseWithoutHearingData -->
  <system-out/>
  <testcase classname="litigationManagement.CFO" name="CaseTaskActivitywithExistingData" time="0.000">
    <skipped/>
  </testcase> <!-- CaseTaskActivitywithExistingData -->
  <system-out/>
  <testcase classname="litigationManagement.CFO" name="CloseNotice" time="0.000">
    <skipped/>
  </testcase> <!-- CloseNotice -->
  <system-out/>
  <testcase classname="litigationManagement.CFO" name="CaseDocumentSearchFields" time="0.000">
    <skipped/>
  </testcase> <!-- CaseDocumentSearchFields -->
  <system-out/>
  <testcase classname="litigationManagement.CFO" name="CaseTaskActivtityResponseWithoutStatus" time="0.000">
    <skipped/>
  </testcase> <!-- CaseTaskActivtityResponseWithoutStatus -->
  <system-out/>
  <testcase classname="litigationManagement.CFO" name="CaseHearingInvalidDate" time="0.000">
    <skipped/>
  </testcase> <!-- CaseHearingInvalidDate -->
  <system-out/>
  <testcase classname="litigationManagement.CFO" name="TaskActivtityWithoutData" time="0.000">
    <skipped/>
  </testcase> <!-- TaskActivtityWithoutData -->
  <system-out/>
  <testcase classname="litigationManagement.CFO" name="CaseDocumentShareInvalidData" time="0.000">
    <skipped/>
  </testcase> <!-- CaseDocumentShareInvalidData -->
  <system-out/>
  <testcase classname="litigationManagement.CFO" name="CaseStatusPayment" time="0.000">
    <skipped/>
  </testcase> <!-- CaseStatusPayment -->
  <system-out/>
  <testcase classname="litigationManagement.CFO" name="TaskActivtityResponseWithoutStatus" time="0.000">
    <skipped/>
  </testcase> <!-- TaskActivtityResponseWithoutStatus -->
  <system-out/>
  <testcase classname="litigationManagement.CFO" name="CaseExternalLawyerRating" time="0.000">
    <skipped/>
  </testcase> <!-- CaseExternalLawyerRating -->
  <system-out/>
  <testcase classname="litigationManagement.CFO" name="CaseDocumentShareWithoutData" time="0.000">
    <skipped/>
  </testcase> <!-- CaseDocumentShareWithoutData -->
  <system-out/>
  <testcase classname="litigationManagement.CFO" name="StatusPaymentExistingdata" time="0.000">
    <skipped/>
  </testcase> <!-- StatusPaymentExistingdata -->
  <system-out/>
  <testcase classname="litigationManagement.CFO" name="CaseTaskActivtityResponseClearBtn" time="0.000">
    <skipped/>
  </testcase> <!-- CaseTaskActivtityResponseClearBtn -->
  <system-out/>
  <testcase classname="litigationManagement.CFO" name="CaseHearingClearBtn" time="0.000">
    <skipped/>
  </testcase> <!-- CaseHearingClearBtn -->
  <system-out/>
  <testcase classname="litigationManagement.CFO" name="CaseOrder" time="0.000">
    <skipped/>
  </testcase> <!-- CaseOrder -->
  <system-out/>
  <testcase classname="litigationManagement.CFO" name="StatusPaymentWithoutdata" time="0.000">
    <skipped/>
  </testcase> <!-- StatusPaymentWithoutdata -->
  <system-out/>
  <testcase classname="litigationManagement.CFO" name="CaseDocumentShareCloseBtn" time="0.000">
    <skipped/>
  </testcase> <!-- CaseDocumentShareCloseBtn -->
  <system-out/>
  <testcase classname="litigationManagement.CFO" name="TaskActivtityResponseClearBtn" time="0.000">
    <skipped/>
  </testcase> <!-- TaskActivtityResponseClearBtn -->
  <system-out/>
  <testcase classname="litigationManagement.CFO" name="CaseExternalLawyerCriteria" time="0.000">
    <skipped/>
  </testcase> <!-- CaseExternalLawyerCriteria -->
  <system-out/>
  <testcase classname="litigationManagement.CFO" name="CaseExistingCriteria" time="0.000">
    <skipped/>
  </testcase> <!-- CaseExistingCriteria -->
  <system-out/>
  <testcase classname="litigationManagement.CFO" name="NoticeResponse" time="0.000">
    <skipped/>
  </testcase> <!-- NoticeResponse -->
  <system-out/>
  <testcase classname="litigationManagement.CFO" name="CaseOrderExistingData" time="0.000">
    <skipped/>
  </testcase> <!-- CaseOrderExistingData -->
  <system-out/>
  <testcase classname="litigationManagement.CFO" name="MyDocument" time="0.000">
    <skipped/>
  </testcase> <!-- MyDocument -->
  <system-out/>
  <testcase classname="litigationManagement.CFO" name="CaseCriteriaInvalidData" time="0.000">
    <skipped/>
  </testcase> <!-- CaseCriteriaInvalidData -->
  <system-out/>
  <testcase classname="litigationManagement.CFO" name="MyReports" time="0.000">
    <skipped/>
  </testcase> <!-- MyReports -->
  <system-out/>
  <testcase classname="litigationManagement.CFO" name="CaseOrderWithoutData" time="0.000">
    <skipped/>
  </testcase> <!-- CaseOrderWithoutData -->
  <system-out/>
  <testcase classname="litigationManagement.CFO" name="CaseCriteriaWithoutData" time="0.000">
    <skipped/>
  </testcase> <!-- CaseCriteriaWithoutData -->
  <system-out/>
  <testcase classname="litigationManagement.CFO" name="CaseOrderwithClearBtn" time="0.000">
    <skipped/>
  </testcase> <!-- CaseOrderwithClearBtn -->
  <system-out/>
  <testcase classname="litigationManagement.CFO" name="MoreReports" time="0.000">
    <skipped/>
  </testcase> <!-- MoreReports -->
  <system-out/>
  <testcase classname="litigationManagement.CFO" name="CaseAuditLog" time="0.000">
    <skipped/>
  </testcase> <!-- CaseAuditLog -->
  <system-out/>
  <testcase classname="litigationManagement.CFO" name="ResponseClearBtn" time="0.000">
    <skipped/>
  </testcase> <!-- ResponseClearBtn -->
  <system-out/>
  <testcase classname="litigationManagement.CFO" name="MyReminder" time="0.000">
    <skipped/>
  </testcase> <!-- MyReminder -->
  <system-out/>
  <testcase classname="litigationManagement.CFO" name="ReminderWithoutData" time="0.000">
    <skipped/>
  </testcase> <!-- ReminderWithoutData -->
  <system-out/>
  <testcase classname="litigationManagement.CFO" name="ImportUtility" time="0.000">
    <skipped/>
  </testcase> <!-- ImportUtility -->
  <system-out/>
  <testcase classname="litigationManagement.CFO" name="NoticePayment" time="0.000">
    <skipped/>
  </testcase> <!-- NoticePayment -->
  <system-out/>
  <testcase classname="litigationManagement.CFO" name="PaymentLogwithExistingData" time="0.000">
    <skipped/>
  </testcase> <!-- PaymentLogwithExistingData -->
  <system-out/>
  <testcase classname="litigationManagement.CFO" name="CaseStatusAppealtoNextCourt" time="0.000">
    <skipped/>
  </testcase> <!-- CaseStatusAppealtoNextCourt -->
  <system-out/>
  <testcase classname="litigationManagement.CFO" name="AdvancedSearch" time="0.000">
    <skipped/>
  </testcase> <!-- AdvancedSearch -->
  <system-out/>
  <testcase classname="litigationManagement.CFO" name="AdvancedSearchDoc" time="0.000">
    <skipped/>
  </testcase> <!-- AdvancedSearchDoc -->
  <system-out/>
  <testcase classname="litigationManagement.CFO" name="NoticePaymentWithoutData" time="0.000">
    <skipped/>
  </testcase> <!-- NoticePaymentWithoutData -->
  <system-out/>
  <testcase classname="litigationManagement.CFO" name="CaseStatuswithEmptyFields" time="0.000">
    <skipped/>
  </testcase> <!-- CaseStatuswithEmptyFields -->
  <system-out/>
  <testcase classname="litigationManagement.CFO" name="NoticeExternalLawyer" time="0.000">
    <skipped/>
  </testcase> <!-- NoticeExternalLawyer -->
  <system-out/>
  <testcase classname="litigationManagement.CFO" name="AdvancedSearchreport" time="0.000">
    <skipped/>
  </testcase> <!-- AdvancedSearchreport -->
  <system-out/>
  <testcase classname="litigationManagement.CFO" name="CriteriaInvalidData" time="0.000">
    <skipped/>
  </testcase> <!-- CriteriaInvalidData -->
  <system-out/>
  <testcase classname="litigationManagement.CFO" name="CriteriaExistingData" time="0.000">
    <skipped/>
  </testcase> <!-- CriteriaExistingData -->
  <system-out/>
  <testcase classname="litigationManagement.CFO" name="CriteriaWithoutData" time="0.000">
    <skipped/>
  </testcase> <!-- CriteriaWithoutData -->
  <system-out/>
  <testcase classname="litigationManagement.CFO" name="NoticeAuditLog" time="0.000">
    <skipped/>
  </testcase> <!-- NoticeAuditLog -->
  <system-out/>
  <testcase classname="litigationManagement.CFO" name="Masters3" time="0.000">
    <skipped/>
  </testcase> <!-- Masters3 -->
  <system-out/>
  <testcase classname="litigationManagement.CFO" name="MastersLegalEntity3" time="0.000">
    <skipped/>
  </testcase> <!-- MastersLegalEntity3 -->
  <system-out/>
  <testcase classname="litigationManagement.CFO" name="Masters4" time="0.000">
    <skipped/>
  </testcase> <!-- Masters4 -->
  <system-out/>
  <testcase classname="litigationManagement.CFO" name="Masters5" time="0.000">
    <skipped/>
  </testcase> <!-- Masters5 -->
  <system-out/>
  <testcase classname="litigationManagement.CFO" name="Masters1" time="0.000">
    <skipped/>
  </testcase> <!-- Masters1 -->
  <system-out/>
  <testcase classname="litigationManagement.CFO" name="Masters7" time="0.000">
    <skipped/>
  </testcase> <!-- Masters7 -->
  <system-out/>
  <testcase classname="litigationManagement.CFO" name="Masters8" time="0.000">
    <skipped/>
  </testcase> <!-- Masters8 -->
  <system-out/>
  <testcase classname="litigationManagement.CFO" name="Masters9" time="0.000">
    <skipped/>
  </testcase> <!-- Masters9 -->
  <system-out/>
  <testcase classname="litigationManagement.CFO" name="Masters10" time="0.000">
    <skipped/>
  </testcase> <!-- Masters10 -->
  <system-out/>
  <testcase classname="litigationManagement.CFO" name="Masters12" time="0.000">
    <skipped/>
  </testcase> <!-- Masters12 -->
  <system-out/>
  <testcase classname="litigationManagement.CFO" name="Masters11" time="0.000">
    <skipped/>
  </testcase> <!-- Masters11 -->
  <system-out/>
  <testcase classname="litigationManagement.CFO" name="Masters13" time="0.000">
    <skipped/>
  </testcase> <!-- Masters13 -->
  <system-out/>
  <testcase classname="litigationManagement.CFO" name="HearingCalender" time="0.000">
    <skipped/>
  </testcase> <!-- HearingCalender -->
  <system-out/>
  <testcase classname="litigationManagement.CFO" name="CaseHearing" time="0.000">
    <skipped/>
  </testcase> <!-- CaseHearing -->
  <system-out/>
  <testcase classname="litigationManagement.CFO" name="NoticeDocViewandDownload" time="0.000">
    <skipped/>
  </testcase> <!-- NoticeDocViewandDownload -->
  <system-out/>
</testsuite> <!-- litigationManagement.CFO -->
