<?xml version="1.0" encoding="UTF-8"?>
<!-- Generated by org.testng.reporters.JUnitReportReporter -->
<testsuite hostname="DESKTOP-6RDAJ8O" failures="0" tests="2" name="litigationManagement.CFO" time="158.433" errors="0" timestamp="2023-04-10T17:14:10 IST" skipped="0">
  <testcase classname="litigationManagement.CFO" name="Login" time="12.527"/>
  <system-out/>
  <testcase classname="litigationManagement.CFO" name="AdvancedSearchreport" time="145.906"/>
  <system-out/>
</testsuite> <!-- litigationManagement.CFO -->
