<?xml version="1.0" encoding="UTF-8"?>
<!-- Generated by org.testng.reporters.JUnitReportReporter -->
<testsuite hostname="DESKTOP-6RDAJ8O" failures="0" tests="12" name="litigationManagement.CFO" time="951.196" errors="0" timestamp="2023-02-20T23:35:29 IST" skipped="0">
  <testcase classname="litigationManagement.CFO" name="Login" time="14.915"/>
  <system-out/>
  <testcase classname="litigationManagement.CFO" name="MyDocument" time="78.668"/>
  <system-out/>
  <testcase classname="litigationManagement.CFO" name="MyReports" time="60.127"/>
  <system-out/>
  <testcase classname="litigationManagement.CFO" name="MoreReports" time="53.943"/>
  <system-out/>
  <testcase classname="litigationManagement.CFO" name="MyReminder" time="220.456"/>
  <system-out/>
  <testcase classname="litigationManagement.CFO" name="ImportUtility" time="88.800"/>
  <system-out/>
  <testcase classname="litigationManagement.CFO" name="AdvancedSearch" time="113.025"/>
  <system-out/>
  <testcase classname="litigationManagement.CFO" name="AdvancedSearchDoc" time="94.834"/>
  <system-out/>
  <testcase classname="litigationManagement.CFO" name="AdvancedSearchreport" time="131.706"/>
  <system-out/>
  <testcase classname="litigationManagement.CFO" name="HearingCalender" time="27.680"/>
  <system-out/>
  <testcase classname="litigationManagement.CFO" name="CaseHearing" time="26.156"/>
  <system-out/>
  <testcase classname="litigationManagement.CFO" name="NoticeDocViewandDownload" time="40.886"/>
  <system-out/>
</testsuite> <!-- litigationManagement.CFO -->
