<?xml version="1.0" encoding="UTF-8"?>
<!-- Generated by org.testng.reporters.JUnitReportReporter -->
<testsuite hostname="DESKTOP-LP" failures="0" tests="75" name="litigationCompanyAdmin.CompanyAdmin" time="151.611" errors="2" timestamp="2023-11-22T11:56:03 IST" skipped="72">
  <testcase classname="litigationCompanyAdmin.CompanyAdmin" name="UtilizedBudgetGraph" time="120.927"/>
  <system-out/>
  <testcase classname="litigationCompanyAdmin.CompanyAdmin" name="Close" time="30.673">
    <error message="disconnected: not connected to DevTools
  (failed to check if window was closed: disconnected: not connected to DevTools)
  (Session info: chrome=119.0.6045.160)
Build info: version: &#039;3.141.0&#039;, revision: &#039;2ecb7d9a&#039;, time: &#039;2018-10-31T20:09:30&#039;
System info: host: &#039;DESKTOP-LP&#039;, ip: &#039;172.21.64.1&#039;, os.name: &#039;Windows 10&#039;, os.arch: &#039;amd64&#039;, os.version: &#039;10.0&#039;, java.version: &#039;20&#039;
Driver info: org.openqa.selenium.chrome.ChromeDriver
Capabilities {acceptInsecureCerts: false, browserName: chrome, browserVersion: 119.0.6045.160, chrome: {chromedriverVersion: 119.0.6045.105 (38c72552c5e..., userDataDir: C:\Users\SNEHAL~1\AppData\L...}, fedcm:accounts: true, goog:chromeOptions: {debuggerAddress: localhost:51459}, javascriptEnabled: true, networkConnectionEnabled: false, pageLoadStrategy: normal, platform: WINDOWS, platformName: WINDOWS, proxy: Proxy(), setWindowRect: true, strictFileInteractability: false, timeouts: {implicit: 0, pageLoad: 300000, script: 30000}, unhandledPromptBehavior: dismiss and notify, webauthn:extension:credBlob: true, webauthn:extension:largeBlob: true, webauthn:extension:minPinLength: true, webauthn:extension:prf: true, webauthn:virtualAuthenticators: true}
Session ID: d49852f842e515533701902f61900c92" type="org.openqa.selenium.WebDriverException">
      <![CDATA[org.openqa.selenium.WebDriverException: disconnected: not connected to DevTools
  (failed to check if window was closed: disconnected: not connected to DevTools)
  (Session info: chrome=119.0.6045.160)
Build info: version: '3.141.0', revision: '2ecb7d9a', time: '2018-10-31T20:09:30'
System info: host: 'DESKTOP-LP', ip: '172.21.64.1', os.name: 'Windows 10', os.arch: 'amd64', os.version: '10.0', java.version: '20'
Driver info: org.openqa.selenium.chrome.ChromeDriver
Capabilities {acceptInsecureCerts: false, browserName: chrome, browserVersion: 119.0.6045.160, chrome: {chromedriverVersion: 119.0.6045.105 (38c72552c5e..., userDataDir: C:\Users\SNEHAL~1\AppData\L...}, fedcm:accounts: true, goog:chromeOptions: {debuggerAddress: localhost:51459}, javascriptEnabled: true, networkConnectionEnabled: false, pageLoadStrategy: normal, platform: WINDOWS, platformName: WINDOWS, proxy: Proxy(), setWindowRect: true, strictFileInteractability: false, timeouts: {implicit: 0, pageLoad: 300000, script: 30000}, unhandledPromptBehavior: dismiss and notify, webauthn:extension:credBlob: true, webauthn:extension:largeBlob: true, webauthn:extension:minPinLength: true, webauthn:extension:prf: true, webauthn:virtualAuthenticators: true}
Session ID: d49852f842e515533701902f61900c92
at java.base/jdk.internal.reflect.DirectConstructorHandleAccessor.newInstance(DirectConstructorHandleAccessor.java:67)
at java.base/java.lang.reflect.Constructor.newInstanceWithCaller(Constructor.java:500)
at java.base/java.lang.reflect.Constructor.newInstance(Constructor.java:484)
at org.openqa.selenium.remote.http.W3CHttpResponseCodec.createException(W3CHttpResponseCodec.java:187)
at org.openqa.selenium.remote.http.W3CHttpResponseCodec.decode(W3CHttpResponseCodec.java:122)
at org.openqa.selenium.remote.http.W3CHttpResponseCodec.decode(W3CHttpResponseCodec.java:49)
at org.openqa.selenium.remote.HttpCommandExecutor.execute(HttpCommandExecutor.java:158)
at org.openqa.selenium.remote.service.DriverCommandExecutor.execute(DriverCommandExecutor.java:83)
at org.openqa.selenium.remote.RemoteWebDriver.execute(RemoteWebDriver.java:552)
at org.openqa.selenium.remote.RemoteWebDriver.execute(RemoteWebDriver.java:609)
at org.openqa.selenium.remote.RemoteWebDriver.close(RemoteWebDriver.java:442)
at litigationCompanyAdmin.CompanyAdmin.Close(CompanyAdmin.java:3489)
at java.base/jdk.internal.reflect.DirectMethodHandleAccessor.invoke(DirectMethodHandleAccessor.java:104)
at java.base/java.lang.reflect.Method.invoke(Method.java:578)
at org.testng.internal.MethodInvocationHelper.invokeMethod(MethodInvocationHelper.java:133)
at org.testng.internal.MethodInvocationHelper.invokeMethodConsideringTimeout(MethodInvocationHelper.java:62)
at org.testng.internal.ConfigInvoker.invokeConfigurationMethod(ConfigInvoker.java:385)
at org.testng.internal.ConfigInvoker.invokeConfigurations(ConfigInvoker.java:321)
at org.testng.internal.TestInvoker.runConfigMethods(TestInvoker.java:700)
at org.testng.internal.TestInvoker.runAfterGroupsConfigurations(TestInvoker.java:676)
at org.testng.internal.TestInvoker.invokeMethod(TestInvoker.java:660)
at org.testng.internal.TestInvoker.invokeTestMethod(TestInvoker.java:173)
at org.testng.internal.MethodRunner.runInSequence(MethodRunner.java:46)
at org.testng.internal.TestInvoker$MethodInvocationAgent.invoke(TestInvoker.java:824)
at org.testng.internal.TestInvoker.invokeTestMethods(TestInvoker.java:146)
at org.testng.internal.TestMethodWorker.invokeTestMethods(TestMethodWorker.java:146)
at org.testng.internal.TestMethodWorker.run(TestMethodWorker.java:128)
at java.base/java.util.ArrayList.forEach(ArrayList.java:1511)
at org.testng.TestRunner.privateRun(TestRunner.java:794)
at org.testng.TestRunner.run(TestRunner.java:596)
at org.testng.SuiteRunner.runTest(SuiteRunner.java:377)
at org.testng.SuiteRunner.runSequentially(SuiteRunner.java:371)
at org.testng.SuiteRunner.privateRun(SuiteRunner.java:332)
at org.testng.SuiteRunner.run(SuiteRunner.java:276)
at org.testng.SuiteRunnerWorker.runSuite(SuiteRunnerWorker.java:53)
at org.testng.SuiteRunnerWorker.run(SuiteRunnerWorker.java:96)
at org.testng.TestNG.runSuitesSequentially(TestNG.java:1212)
at org.testng.TestNG.runSuitesLocally(TestNG.java:1134)
at org.testng.TestNG.runSuites(TestNG.java:1063)
at org.testng.TestNG.run(TestNG.java:1031)
at org.testng.remote.AbstractRemoteTestNG.run(AbstractRemoteTestNG.java:115)
at org.testng.remote.RemoteTestNG.initAndRun(RemoteTestNG.java:251)
at org.testng.remote.RemoteTestNG.main(RemoteTestNG.java:77)
]]>
    </error>
  </testcase> <!-- Close -->
  <system-out/>
  <testcase classname="litigationCompanyAdmin.CompanyAdmin" name="CaseNoticeTypeGraphFilter" time="0.010">
    <error message="no such window: target window already closed
from unknown error: web view not found
  (Session info: chrome=119.0.6045.160)
Build info: version: &#039;3.141.0&#039;, revision: &#039;2ecb7d9a&#039;, time: &#039;2018-10-31T20:09:30&#039;
System info: host: &#039;DESKTOP-LP&#039;, ip: &#039;172.21.64.1&#039;, os.name: &#039;Windows 10&#039;, os.arch: &#039;amd64&#039;, os.version: &#039;10.0&#039;, java.version: &#039;20&#039;
Driver info: org.openqa.selenium.chrome.ChromeDriver
Capabilities {acceptInsecureCerts: false, browserName: chrome, browserVersion: 119.0.6045.160, chrome: {chromedriverVersion: 119.0.6045.105 (38c72552c5e..., userDataDir: C:\Users\SNEHAL~1\AppData\L...}, fedcm:accounts: true, goog:chromeOptions: {debuggerAddress: localhost:51459}, javascriptEnabled: true, networkConnectionEnabled: false, pageLoadStrategy: normal, platform: WINDOWS, platformName: WINDOWS, proxy: Proxy(), setWindowRect: true, strictFileInteractability: false, timeouts: {implicit: 0, pageLoad: 300000, script: 30000}, unhandledPromptBehavior: dismiss and notify, webauthn:extension:credBlob: true, webauthn:extension:largeBlob: true, webauthn:extension:minPinLength: true, webauthn:extension:prf: true, webauthn:virtualAuthenticators: true}
Session ID: d49852f842e515533701902f61900c92" type="org.openqa.selenium.NoSuchWindowException">
      <![CDATA[org.openqa.selenium.NoSuchWindowException: no such window: target window already closed
from unknown error: web view not found
  (Session info: chrome=119.0.6045.160)
Build info: version: '3.141.0', revision: '2ecb7d9a', time: '2018-10-31T20:09:30'
System info: host: 'DESKTOP-LP', ip: '172.21.64.1', os.name: 'Windows 10', os.arch: 'amd64', os.version: '10.0', java.version: '20'
Driver info: org.openqa.selenium.chrome.ChromeDriver
Capabilities {acceptInsecureCerts: false, browserName: chrome, browserVersion: 119.0.6045.160, chrome: {chromedriverVersion: 119.0.6045.105 (38c72552c5e..., userDataDir: C:\Users\SNEHAL~1\AppData\L...}, fedcm:accounts: true, goog:chromeOptions: {debuggerAddress: localhost:51459}, javascriptEnabled: true, networkConnectionEnabled: false, pageLoadStrategy: normal, platform: WINDOWS, platformName: WINDOWS, proxy: Proxy(), setWindowRect: true, strictFileInteractability: false, timeouts: {implicit: 0, pageLoad: 300000, script: 30000}, unhandledPromptBehavior: dismiss and notify, webauthn:extension:credBlob: true, webauthn:extension:largeBlob: true, webauthn:extension:minPinLength: true, webauthn:extension:prf: true, webauthn:virtualAuthenticators: true}
Session ID: d49852f842e515533701902f61900c92
at java.base/jdk.internal.reflect.DirectConstructorHandleAccessor.newInstance(DirectConstructorHandleAccessor.java:67)
at java.base/java.lang.reflect.Constructor.newInstanceWithCaller(Constructor.java:500)
at java.base/java.lang.reflect.Constructor.newInstance(Constructor.java:484)
at org.openqa.selenium.remote.http.W3CHttpResponseCodec.createException(W3CHttpResponseCodec.java:187)
at org.openqa.selenium.remote.http.W3CHttpResponseCodec.decode(W3CHttpResponseCodec.java:122)
at org.openqa.selenium.remote.http.W3CHttpResponseCodec.decode(W3CHttpResponseCodec.java:49)
at org.openqa.selenium.remote.HttpCommandExecutor.execute(HttpCommandExecutor.java:158)
at org.openqa.selenium.remote.service.DriverCommandExecutor.execute(DriverCommandExecutor.java:83)
at org.openqa.selenium.remote.RemoteWebDriver.execute(RemoteWebDriver.java:552)
at org.openqa.selenium.remote.RemoteWebDriver.executeScript(RemoteWebDriver.java:489)
at litigationCompanyAdmin.CompanyAdmin.CaseNoticeTypeGraphFilter(CompanyAdmin.java:149)
at java.base/jdk.internal.reflect.DirectMethodHandleAccessor.invoke(DirectMethodHandleAccessor.java:104)
at java.base/java.lang.reflect.Method.invoke(Method.java:578)
at org.testng.internal.MethodInvocationHelper.invokeMethod(MethodInvocationHelper.java:133)
at org.testng.internal.TestInvoker.invokeMethod(TestInvoker.java:598)
at org.testng.internal.TestInvoker.invokeTestMethod(TestInvoker.java:173)
at org.testng.internal.MethodRunner.runInSequence(MethodRunner.java:46)
at org.testng.internal.TestInvoker$MethodInvocationAgent.invoke(TestInvoker.java:824)
at org.testng.internal.TestInvoker.invokeTestMethods(TestInvoker.java:146)
at org.testng.internal.TestMethodWorker.invokeTestMethods(TestMethodWorker.java:146)
at org.testng.internal.TestMethodWorker.run(TestMethodWorker.java:128)
at java.base/java.util.ArrayList.forEach(ArrayList.java:1511)
at org.testng.TestRunner.privateRun(TestRunner.java:794)
at org.testng.TestRunner.run(TestRunner.java:596)
at org.testng.SuiteRunner.runTest(SuiteRunner.java:377)
at org.testng.SuiteRunner.runSequentially(SuiteRunner.java:371)
at org.testng.SuiteRunner.privateRun(SuiteRunner.java:332)
at org.testng.SuiteRunner.run(SuiteRunner.java:276)
at org.testng.SuiteRunnerWorker.runSuite(SuiteRunnerWorker.java:53)
at org.testng.SuiteRunnerWorker.run(SuiteRunnerWorker.java:96)
at org.testng.TestNG.runSuitesSequentially(TestNG.java:1212)
at org.testng.TestNG.runSuitesLocally(TestNG.java:1134)
at org.testng.TestNG.runSuites(TestNG.java:1063)
at org.testng.TestNG.run(TestNG.java:1031)
at org.testng.remote.AbstractRemoteTestNG.run(AbstractRemoteTestNG.java:115)
at org.testng.remote.RemoteTestNG.initAndRun(RemoteTestNG.java:251)
at org.testng.remote.RemoteTestNG.main(RemoteTestNG.java:77)
]]>
    </error>
  </testcase> <!-- CaseNoticeTypeGraphFilter -->
  <system-out/>
  <testcase classname="litigationCompanyAdmin.CompanyAdmin" name="CaseNoticeStageGraphFilter" time="0.000">
    <skipped/>
  </testcase> <!-- CaseNoticeStageGraphFilter -->
  <system-out/>
  <testcase classname="litigationCompanyAdmin.CompanyAdmin" name="RiskSummaryGraphFilter" time="0.000">
    <skipped/>
  </testcase> <!-- RiskSummaryGraphFilter -->
  <system-out/>
  <testcase classname="litigationCompanyAdmin.CompanyAdmin" name="DepartmentSummaryGraphFilter" time="0.000">
    <skipped/>
  </testcase> <!-- DepartmentSummaryGraphFilter -->
  <system-out/>
  <testcase classname="litigationCompanyAdmin.CompanyAdmin" name="LocationSummaryGraphFilter" time="0.000">
    <skipped/>
  </testcase> <!-- LocationSummaryGraphFilter -->
  <system-out/>
  <testcase classname="litigationCompanyAdmin.CompanyAdmin" name="CategorySummaryGraphFilter" time="0.000">
    <skipped/>
  </testcase> <!-- CategorySummaryGraphFilter -->
  <system-out/>
  <testcase classname="litigationCompanyAdmin.CompanyAdmin" name="WorkspaceFilter" time="0.000">
    <skipped/>
  </testcase> <!-- WorkspaceFilter -->
  <system-out/>
  <testcase classname="litigationCompanyAdmin.CompanyAdmin" name="CaseWorkspaceFilter" time="0.000">
    <skipped/>
  </testcase> <!-- CaseWorkspaceFilter -->
  <system-out/>
  <testcase classname="litigationCompanyAdmin.CompanyAdmin" name="WorkspaceTaskFilter" time="0.000">
    <skipped/>
  </testcase> <!-- WorkspaceTaskFilter -->
  <system-out/>
  <testcase classname="litigationCompanyAdmin.CompanyAdmin" name="WorkspaceCaseHearingFilter" time="0.000">
    <skipped/>
  </testcase> <!-- WorkspaceCaseHearingFilter -->
  <system-out/>
  <testcase classname="litigationCompanyAdmin.CompanyAdmin" name="DocumentNoticeFilter" time="0.000">
    <skipped/>
  </testcase> <!-- DocumentNoticeFilter -->
  <system-out/>
  <testcase classname="litigationCompanyAdmin.CompanyAdmin" name="DocumentCaseFilter" time="0.000">
    <skipped/>
  </testcase> <!-- DocumentCaseFilter -->
  <system-out/>
  <testcase classname="litigationCompanyAdmin.CompanyAdmin" name="DocumentTaskFilter" time="0.000">
    <skipped/>
  </testcase> <!-- DocumentTaskFilter -->
  <system-out/>
  <testcase classname="litigationCompanyAdmin.CompanyAdmin" name="ReportFilter" time="0.000">
    <skipped/>
  </testcase> <!-- ReportFilter -->
  <system-out/>
  <testcase classname="litigationCompanyAdmin.CompanyAdmin" name="ReportCaseFilter" time="0.000">
    <skipped/>
  </testcase> <!-- ReportCaseFilter -->
  <system-out/>
  <testcase classname="litigationCompanyAdmin.CompanyAdmin" name="ReportTaskFilter" time="0.000">
    <skipped/>
  </testcase> <!-- ReportTaskFilter -->
  <system-out/>
  <testcase classname="litigationCompanyAdmin.CompanyAdmin" name="Masters" time="0.000">
    <skipped/>
  </testcase> <!-- Masters -->
  <system-out/>
  <testcase classname="litigationCompanyAdmin.CompanyAdmin" name="MastersLegalEntity" time="0.000">
    <skipped/>
  </testcase> <!-- MastersLegalEntity -->
  <system-out/>
  <testcase classname="litigationCompanyAdmin.CompanyAdmin" name="MastersLegalEntity1" time="0.000">
    <skipped/>
  </testcase> <!-- MastersLegalEntity1 -->
  <system-out/>
  <testcase classname="litigationCompanyAdmin.CompanyAdmin" name="MastersLegalEntity2" time="0.000">
    <skipped/>
  </testcase> <!-- MastersLegalEntity2 -->
  <system-out/>
  <testcase classname="litigationCompanyAdmin.CompanyAdmin" name="MastersLegalEntity3" time="0.000">
    <skipped/>
  </testcase> <!-- MastersLegalEntity3 -->
  <system-out/>
  <testcase classname="litigationCompanyAdmin.CompanyAdmin" name="UnitEntity" time="0.000">
    <skipped/>
  </testcase> <!-- UnitEntity -->
  <system-out/>
  <testcase classname="litigationCompanyAdmin.CompanyAdmin" name="Masters1" time="0.000">
    <skipped/>
  </testcase> <!-- Masters1 -->
  <system-out/>
  <testcase classname="litigationCompanyAdmin.CompanyAdmin" name="MastersLawFirm" time="0.000">
    <skipped/>
  </testcase> <!-- MastersLawFirm -->
  <system-out/>
  <testcase classname="litigationCompanyAdmin.CompanyAdmin" name="MastersLawFirm1" time="0.000">
    <skipped/>
  </testcase> <!-- MastersLawFirm1 -->
  <system-out/>
  <testcase classname="litigationCompanyAdmin.CompanyAdmin" name="MastersLawFirm2" time="0.000">
    <skipped/>
  </testcase> <!-- MastersLawFirm2 -->
  <system-out/>
  <testcase classname="litigationCompanyAdmin.CompanyAdmin" name="MastersLawFirm3" time="0.000">
    <skipped/>
  </testcase> <!-- MastersLawFirm3 -->
  <system-out/>
  <testcase classname="litigationCompanyAdmin.CompanyAdmin" name="LawyerWithoutData" time="0.000">
    <skipped/>
  </testcase> <!-- LawyerWithoutData -->
  <system-out/>
  <testcase classname="litigationCompanyAdmin.CompanyAdmin" name="LawyerInvalidData" time="0.000">
    <skipped/>
  </testcase> <!-- LawyerInvalidData -->
  <system-out/>
  <testcase classname="litigationCompanyAdmin.CompanyAdmin" name="LawyerTwoManadatoryFileds" time="0.000">
    <skipped/>
  </testcase> <!-- LawyerTwoManadatoryFileds -->
  <system-out/>
  <testcase classname="litigationCompanyAdmin.CompanyAdmin" name="LawyerCloseButton" time="0.000">
    <skipped/>
  </testcase> <!-- LawyerCloseButton -->
  <system-out/>
  <testcase classname="litigationCompanyAdmin.CompanyAdmin" name="Masters2" time="0.000">
    <skipped/>
  </testcase> <!-- Masters2 -->
  <system-out/>
  <testcase classname="litigationCompanyAdmin.CompanyAdmin" name="UserWithoutData" time="0.000">
    <skipped/>
  </testcase> <!-- UserWithoutData -->
  <system-out/>
  <testcase classname="litigationCompanyAdmin.CompanyAdmin" name="UserInvalidData" time="0.000">
    <skipped/>
  </testcase> <!-- UserInvalidData -->
  <system-out/>
  <testcase classname="litigationCompanyAdmin.CompanyAdmin" name="UserTwoManadatoryFields" time="0.000">
    <skipped/>
  </testcase> <!-- UserTwoManadatoryFields -->
  <system-out/>
  <testcase classname="litigationCompanyAdmin.CompanyAdmin" name="UserCloseButton" time="0.000">
    <skipped/>
  </testcase> <!-- UserCloseButton -->
  <system-out/>
  <testcase classname="litigationCompanyAdmin.CompanyAdmin" name="Masters3" time="0.000">
    <skipped/>
  </testcase> <!-- Masters3 -->
  <system-out/>
  <testcase classname="litigationCompanyAdmin.CompanyAdmin" name="OpponentWithoutData" time="0.000">
    <skipped/>
  </testcase> <!-- OpponentWithoutData -->
  <system-out/>
  <testcase classname="litigationCompanyAdmin.CompanyAdmin" name="OpponentInvalidData" time="0.000">
    <skipped/>
  </testcase> <!-- OpponentInvalidData -->
  <system-out/>
  <testcase classname="litigationCompanyAdmin.CompanyAdmin" name="OpponentCloseButton" time="0.000">
    <skipped/>
  </testcase> <!-- OpponentCloseButton -->
  <system-out/>
  <testcase classname="litigationCompanyAdmin.CompanyAdmin" name="Masters4" time="0.000">
    <skipped/>
  </testcase> <!-- Masters4 -->
  <system-out/>
  <testcase classname="litigationCompanyAdmin.CompanyAdmin" name="CourtWithoutData" time="0.000">
    <skipped/>
  </testcase> <!-- CourtWithoutData -->
  <system-out/>
  <testcase classname="litigationCompanyAdmin.CompanyAdmin" name="CourtInvalidData" time="0.000">
    <skipped/>
  </testcase> <!-- CourtInvalidData -->
  <system-out/>
  <testcase classname="litigationCompanyAdmin.CompanyAdmin" name="CourtTwomanadatoryFields" time="0.000">
    <skipped/>
  </testcase> <!-- CourtTwomanadatoryFields -->
  <system-out/>
  <testcase classname="litigationCompanyAdmin.CompanyAdmin" name="CourtCloseButton" time="0.000">
    <skipped/>
  </testcase> <!-- CourtCloseButton -->
  <system-out/>
  <testcase classname="litigationCompanyAdmin.CompanyAdmin" name="Masters5" time="0.000">
    <skipped/>
  </testcase> <!-- Masters5 -->
  <system-out/>
  <testcase classname="litigationCompanyAdmin.CompanyAdmin" name="CaseNoticeTypeWithoutData" time="0.000">
    <skipped/>
  </testcase> <!-- CaseNoticeTypeWithoutData -->
  <system-out/>
  <testcase classname="litigationCompanyAdmin.CompanyAdmin" name="CaseNoticeTypeInvaliData" time="0.000">
    <skipped/>
  </testcase> <!-- CaseNoticeTypeInvaliData -->
  <system-out/>
  <testcase classname="litigationCompanyAdmin.CompanyAdmin" name="CaseNoticeTypeCloseBuuton" time="0.000">
    <skipped/>
  </testcase> <!-- CaseNoticeTypeCloseBuuton -->
  <system-out/>
  <testcase classname="litigationCompanyAdmin.CompanyAdmin" name="Masters6" time="0.000">
    <skipped/>
  </testcase> <!-- Masters6 -->
  <system-out/>
  <testcase classname="litigationCompanyAdmin.CompanyAdmin" name="PaymentTypeWithouData" time="0.000">
    <skipped/>
  </testcase> <!-- PaymentTypeWithouData -->
  <system-out/>
  <testcase classname="litigationCompanyAdmin.CompanyAdmin" name="PaymentTypeInvalidData" time="0.000">
    <skipped/>
  </testcase> <!-- PaymentTypeInvalidData -->
  <system-out/>
  <testcase classname="litigationCompanyAdmin.CompanyAdmin" name="PaymentTypeCloseButton" time="0.000">
    <skipped/>
  </testcase> <!-- PaymentTypeCloseButton -->
  <system-out/>
  <testcase classname="litigationCompanyAdmin.CompanyAdmin" name="Masters7" time="0.000">
    <skipped/>
  </testcase> <!-- Masters7 -->
  <system-out/>
  <testcase classname="litigationCompanyAdmin.CompanyAdmin" name="customParameterWithoutData" time="0.000">
    <skipped/>
  </testcase> <!-- customParameterWithoutData -->
  <system-out/>
  <testcase classname="litigationCompanyAdmin.CompanyAdmin" name="customParameterCloseButton" time="0.000">
    <skipped/>
  </testcase> <!-- customParameterCloseButton -->
  <system-out/>
  <testcase classname="litigationCompanyAdmin.CompanyAdmin" name="Masters8" time="0.000">
    <skipped/>
  </testcase> <!-- Masters8 -->
  <system-out/>
  <testcase classname="litigationCompanyAdmin.CompanyAdmin" name="CaseStageWithoutData" time="0.000">
    <skipped/>
  </testcase> <!-- CaseStageWithoutData -->
  <system-out/>
  <testcase classname="litigationCompanyAdmin.CompanyAdmin" name="CaseStageInvalidData" time="0.000">
    <skipped/>
  </testcase> <!-- CaseStageInvalidData -->
  <system-out/>
  <testcase classname="litigationCompanyAdmin.CompanyAdmin" name="CaseStageCloseButton" time="0.000">
    <skipped/>
  </testcase> <!-- CaseStageCloseButton -->
  <system-out/>
  <testcase classname="litigationCompanyAdmin.CompanyAdmin" name="Masters9" time="0.000">
    <skipped/>
  </testcase> <!-- Masters9 -->
  <system-out/>
  <testcase classname="litigationCompanyAdmin.CompanyAdmin" name="DocumentTypeWithoutData" time="0.000">
    <skipped/>
  </testcase> <!-- DocumentTypeWithoutData -->
  <system-out/>
  <testcase classname="litigationCompanyAdmin.CompanyAdmin" name="DocumentTypeInvalidData" time="0.001">
    <skipped/>
  </testcase> <!-- DocumentTypeInvalidData -->
  <system-out/>
  <testcase classname="litigationCompanyAdmin.CompanyAdmin" name="DocumentTypeCloseButton" time="0.000">
    <skipped/>
  </testcase> <!-- DocumentTypeCloseButton -->
  <system-out/>
  <testcase classname="litigationCompanyAdmin.CompanyAdmin" name="Masters10" time="0.000">
    <skipped/>
  </testcase> <!-- Masters10 -->
  <system-out/>
  <testcase classname="litigationCompanyAdmin.CompanyAdmin" name="RatingCriteriaWithoutData" time="0.000">
    <skipped/>
  </testcase> <!-- RatingCriteriaWithoutData -->
  <system-out/>
  <testcase classname="litigationCompanyAdmin.CompanyAdmin" name="RatingCriteriaInvalidData" time="0.000">
    <skipped/>
  </testcase> <!-- RatingCriteriaInvalidData -->
  <system-out/>
  <testcase classname="litigationCompanyAdmin.CompanyAdmin" name="RatingCriteriaCloseButton" time="0.000">
    <skipped/>
  </testcase> <!-- RatingCriteriaCloseButton -->
  <system-out/>
  <testcase classname="litigationCompanyAdmin.CompanyAdmin" name="Masters11" time="0.000">
    <skipped/>
  </testcase> <!-- Masters11 -->
  <system-out/>
  <testcase classname="litigationCompanyAdmin.CompanyAdmin" name="Masters12" time="0.000">
    <skipped/>
  </testcase> <!-- Masters12 -->
  <system-out/>
  <testcase classname="litigationCompanyAdmin.CompanyAdmin" name="Masters13" time="0.000">
    <skipped/>
  </testcase> <!-- Masters13 -->
  <system-out/>
  <testcase classname="litigationCompanyAdmin.CompanyAdmin" name="Masters14" time="0.000">
    <skipped/>
  </testcase> <!-- Masters14 -->
  <system-out/>
  <testcase classname="litigationCompanyAdmin.CompanyAdmin" name="Masters15" time="0.000">
    <skipped/>
  </testcase> <!-- Masters15 -->
  <system-out/>
</testsuite> <!-- litigationCompanyAdmin.CompanyAdmin -->
