<?xml version="1.0" encoding="UTF-8"?>
<!-- Generated by org.testng.reporters.JUnitReportReporter -->
<testsuite hostname="DESKTOP-6RDAJ8O" failures="0" tests="14" name="litigationExternalLawyer.ExternalLawyer" time="443.069" errors="0" timestamp="2023-02-01T19:39:01 IST" skipped="0">
  <testcase classname="litigationExternalLawyer.ExternalLawyer" name="Login" time="11.810"/>
  <system-out/>
  <testcase classname="litigationExternalLawyer.ExternalLawyer" name="NoticeClosed" time="21.283"/>
  <system-out/>
  <testcase classname="litigationExternalLawyer.ExternalLawyer" name="CaseClose" time="21.769"/>
  <system-out/>
  <testcase classname="litigationExternalLawyer.ExternalLawyer" name="TaskOpen" time="56.604"/>
  <system-out/>
  <testcase classname="litigationExternalLawyer.ExternalLawyer" name="TaskClosed" time="21.086"/>
  <system-out/>
  <testcase classname="litigationExternalLawyer.ExternalLawyer" name="NoticeDocViewandDownload" time="35.138"/>
  <system-out/>
  <testcase classname="litigationExternalLawyer.ExternalLawyer" name="CaseDocumentTab" time="20.730"/>
  <system-out/>
  <testcase classname="litigationExternalLawyer.ExternalLawyer" name="CaseTaskActivityTab" time="38.569"/>
  <system-out/>
  <testcase classname="litigationExternalLawyer.ExternalLawyer" name="CaseHearingTab" time="20.069"/>
  <system-out/>
  <testcase classname="litigationExternalLawyer.ExternalLawyer" name="CaseOrderTab" time="27.820"/>
  <system-out/>
  <testcase classname="litigationExternalLawyer.ExternalLawyer" name="StatusPayment" time="27.634"/>
  <system-out/>
  <testcase classname="litigationExternalLawyer.ExternalLawyer" name="Auditlog" time="13.534"/>
  <system-out/>
  <testcase classname="litigationExternalLawyer.ExternalLawyer" name="MyDocument" time="70.731"/>
  <system-out/>
  <testcase classname="litigationExternalLawyer.ExternalLawyer" name="MyReports" time="56.292"/>
  <system-out/>
</testsuite> <!-- litigationExternalLawyer.ExternalLawyer -->
