<?xml version="1.0" encoding="UTF-8"?>
<!-- Generated by org.testng.reporters.JUnitReportReporter -->
<testsuite hostname="DESKTOP-6RDAJ8O" failures="0" tests="3" name="litigationExternalLawyer.ExternalLawyer" time="141.701" errors="0" timestamp="2023-04-26T22:22:20 IST" skipped="0">
  <testcase classname="litigationExternalLawyer.ExternalLawyer" name="Login" time="17.537"/>
  <system-out/>
  <testcase classname="litigationExternalLawyer.ExternalLawyer" name="ImportUtility" time="98.239"/>
  <system-out/>
  <testcase classname="litigationExternalLawyer.ExternalLawyer" name="CaseAdvocateBill1" time="25.925"/>
  <system-out/>
</testsuite> <!-- litigationExternalLawyer.ExternalLawyer -->
