<?xml version="1.0" encoding="UTF-8"?>
<!-- Generated by org.testng.reporters.JUnitReportReporter -->
<testsuite hostname="DESKTOP-6RDAJ8O" failures="0" tests="2" name="litigationCompanyAdmin.CompanyAdmin" time="118.055" errors="0" timestamp="2023-02-07T19:31:31 IST" skipped="0">
  <testcase classname="litigationCompanyAdmin.CompanyAdmin" name="Login" time="12.320"/>
  <system-out/>
  <testcase classname="litigationCompanyAdmin.CompanyAdmin" name="CustomerMgmtCustomer" time="105.735"/>
  <system-out/>
</testsuite> <!-- litigationCompanyAdmin.CompanyAdmin -->
