<?xml version="1.0" encoding="UTF-8"?>
<!-- Generated by org.testng.reporters.JUnitReportReporter -->
<testsuite hostname="TRPL-PUN-0115" failures="0" tests="9" name="CriticalTestCases.AddtionalOwner" time="2068.851" errors="0" timestamp="2024-03-07T08:10:43 IST" skipped="0">
  <testcase classname="CriticalTestCases.AddtionalOwner" name="ExternalLawyer" time="183.931"/>
  <system-out/>
  <testcase classname="CriticalTestCases.AddtionalOwner" name="CaseAuditLog" time="87.980"/>
  <system-out/>
  <testcase classname="CriticalTestCases.AddtionalOwner" name="MyDocument" time="245.880"/>
  <system-out/>
  <testcase classname="CriticalTestCases.AddtionalOwner" name="MyReports" time="355.822"/>
  <system-out/>
  <testcase classname="CriticalTestCases.AddtionalOwner" name="MoreReports" time="283.354"/>
  <system-out/>
  <testcase classname="CriticalTestCases.AddtionalOwner" name="MyReminder" time="710.409"/>
  <system-out/>
  <testcase classname="CriticalTestCases.AddtionalOwner" name="ImportUtility" time="132.781"/>
  <system-out/>
  <testcase classname="CriticalTestCases.AddtionalOwner" name="CaseUpdationImportUtility" time="33.883"/>
  <system-out/>
  <testcase classname="CriticalTestCases.AddtionalOwner" name="NoticeUpdation" time="34.811"/>
  <system-out/>
</testsuite> <!-- CriticalTestCases.AddtionalOwner -->
