<?xml version="1.0" encoding="UTF-8"?>
<!-- Generated by org.testng.reporters.JUnitReportReporter -->
<testsuite hostname="DESKTOP-6RDAJ8O" failures="0" tests="4" name="litigationMgmt.Mgmt" time="206.890" errors="0" timestamp="2023-02-17T11:59:15 IST" skipped="0">
  <testcase classname="litigationMgmt.Mgmt" name="Login" time="26.290"/>
  <system-out/>
  <testcase classname="litigationMgmt.Mgmt" name="CaseAdvocateBillTab" time="121.839"/>
  <system-out/>
  <testcase classname="litigationMgmt.Mgmt" name="CaseAdvocateBill" time="32.553"/>
  <system-out/>
  <testcase classname="litigationMgmt.Mgmt" name="CaseAdvocateBill1" time="26.208"/>
  <system-out/>
</testsuite> <!-- litigationMgmt.Mgmt -->
