<?xml version="1.0" encoding="UTF-8"?>
<!-- Generated by org.testng.reporters.JUnitReportReporter -->
<testsuite hostname="TRPL-PUN-0115" failures="0" tests="75" name="CriticalTestCases.CompanyAdminLogin" time="722.343" errors="4" timestamp="2023-12-06T18:25:40 IST" skipped="71">
  <testcase classname="CriticalTestCases.CompanyAdminLogin" name="Close" time="183.706">
    <error message="disconnected: not connected to DevTools
  (failed to check if window was closed: disconnected: not connected to DevTools)
  (Session info: chrome=119.0.6045.200)
Build info: version: &#039;3.141.0&#039;, revision: &#039;2ecb7d9a&#039;, time: &#039;2018-10-31T20:09:30&#039;
System info: host: &#039;TRPL-PUN-0115&#039;, ip: &#039;192.168.160.1&#039;, os.name: &#039;Windows 10&#039;, os.arch: &#039;amd64&#039;, os.version: &#039;10.0&#039;, java.version: &#039;20&#039;
Driver info: org.openqa.selenium.chrome.ChromeDriver
Capabilities {acceptInsecureCerts: false, browserName: chrome, browserVersion: 119.0.6045.200, chrome: {chromedriverVersion: 119.0.6045.105 (38c72552c5e..., userDataDir: C:\Users\snehalp\AppData\Lo...}, fedcm:accounts: true, goog:chromeOptions: {debuggerAddress: localhost:50063}, javascriptEnabled: true, networkConnectionEnabled: false, pageLoadStrategy: normal, platform: WINDOWS, platformName: WINDOWS, proxy: Proxy(), setWindowRect: true, strictFileInteractability: false, timeouts: {implicit: 0, pageLoad: 300000, script: 30000}, unhandledPromptBehavior: dismiss and notify, webauthn:extension:credBlob: true, webauthn:extension:largeBlob: true, webauthn:extension:minPinLength: true, webauthn:extension:prf: true, webauthn:virtualAuthenticators: true}
Session ID: 80ab1977f8e52719f8a01ae0ab7c5db9" type="org.openqa.selenium.WebDriverException">
      <![CDATA[org.openqa.selenium.WebDriverException: disconnected: not connected to DevTools
  (failed to check if window was closed: disconnected: not connected to DevTools)
  (Session info: chrome=119.0.6045.200)
Build info: version: '3.141.0', revision: '2ecb7d9a', time: '2018-10-31T20:09:30'
System info: host: 'TRPL-PUN-0115', ip: '192.168.160.1', os.name: 'Windows 10', os.arch: 'amd64', os.version: '10.0', java.version: '20'
Driver info: org.openqa.selenium.chrome.ChromeDriver
Capabilities {acceptInsecureCerts: false, browserName: chrome, browserVersion: 119.0.6045.200, chrome: {chromedriverVersion: 119.0.6045.105 (38c72552c5e..., userDataDir: C:\Users\snehalp\AppData\Lo...}, fedcm:accounts: true, goog:chromeOptions: {debuggerAddress: localhost:50063}, javascriptEnabled: true, networkConnectionEnabled: false, pageLoadStrategy: normal, platform: WINDOWS, platformName: WINDOWS, proxy: Proxy(), setWindowRect: true, strictFileInteractability: false, timeouts: {implicit: 0, pageLoad: 300000, script: 30000}, unhandledPromptBehavior: dismiss and notify, webauthn:extension:credBlob: true, webauthn:extension:largeBlob: true, webauthn:extension:minPinLength: true, webauthn:extension:prf: true, webauthn:virtualAuthenticators: true}
Session ID: 80ab1977f8e52719f8a01ae0ab7c5db9
at java.base/jdk.internal.reflect.DirectConstructorHandleAccessor.newInstance(DirectConstructorHandleAccessor.java:67)
at java.base/java.lang.reflect.Constructor.newInstanceWithCaller(Constructor.java:500)
at java.base/java.lang.reflect.Constructor.newInstance(Constructor.java:484)
at org.openqa.selenium.remote.http.W3CHttpResponseCodec.createException(W3CHttpResponseCodec.java:187)
at org.openqa.selenium.remote.http.W3CHttpResponseCodec.decode(W3CHttpResponseCodec.java:122)
at org.openqa.selenium.remote.http.W3CHttpResponseCodec.decode(W3CHttpResponseCodec.java:49)
at org.openqa.selenium.remote.HttpCommandExecutor.execute(HttpCommandExecutor.java:158)
at org.openqa.selenium.remote.service.DriverCommandExecutor.execute(DriverCommandExecutor.java:83)
at org.openqa.selenium.remote.RemoteWebDriver.execute(RemoteWebDriver.java:552)
at org.openqa.selenium.remote.RemoteWebDriver.execute(RemoteWebDriver.java:609)
at org.openqa.selenium.remote.RemoteWebDriver.close(RemoteWebDriver.java:442)
at CriticalTestCases.CompanyAdminLogin.Close(CompanyAdminLogin.java:1419)
at java.base/jdk.internal.reflect.DirectMethodHandleAccessor.invoke(DirectMethodHandleAccessor.java:104)
at java.base/java.lang.reflect.Method.invoke(Method.java:578)
at org.testng.internal.MethodInvocationHelper.invokeMethod(MethodInvocationHelper.java:133)
at org.testng.internal.MethodInvocationHelper.invokeMethodConsideringTimeout(MethodInvocationHelper.java:62)
at org.testng.internal.ConfigInvoker.invokeConfigurationMethod(ConfigInvoker.java:385)
at org.testng.internal.ConfigInvoker.invokeConfigurations(ConfigInvoker.java:321)
at org.testng.internal.TestInvoker.runConfigMethods(TestInvoker.java:700)
at org.testng.internal.TestInvoker.runAfterGroupsConfigurations(TestInvoker.java:676)
at org.testng.internal.TestInvoker.invokeMethod(TestInvoker.java:660)
at org.testng.internal.TestInvoker.invokeTestMethod(TestInvoker.java:173)
at org.testng.internal.MethodRunner.runInSequence(MethodRunner.java:46)
at org.testng.internal.TestInvoker$MethodInvocationAgent.invoke(TestInvoker.java:824)
at org.testng.internal.TestInvoker.invokeTestMethods(TestInvoker.java:146)
at org.testng.internal.TestMethodWorker.invokeTestMethods(TestMethodWorker.java:146)
at org.testng.internal.TestMethodWorker.run(TestMethodWorker.java:128)
at java.base/java.util.ArrayList.forEach(ArrayList.java:1511)
at org.testng.TestRunner.privateRun(TestRunner.java:794)
at org.testng.TestRunner.run(TestRunner.java:596)
at org.testng.SuiteRunner.runTest(SuiteRunner.java:377)
at org.testng.SuiteRunner.runSequentially(SuiteRunner.java:371)
at org.testng.SuiteRunner.privateRun(SuiteRunner.java:332)
at org.testng.SuiteRunner.run(SuiteRunner.java:276)
at org.testng.SuiteRunnerWorker.runSuite(SuiteRunnerWorker.java:53)
at org.testng.SuiteRunnerWorker.run(SuiteRunnerWorker.java:96)
at org.testng.TestNG.runSuitesSequentially(TestNG.java:1212)
at org.testng.TestNG.runSuitesLocally(TestNG.java:1134)
at org.testng.TestNG.runSuites(TestNG.java:1063)
at org.testng.TestNG.run(TestNG.java:1031)
at org.testng.remote.AbstractRemoteTestNG.run(AbstractRemoteTestNG.java:115)
at org.testng.remote.RemoteTestNG.initAndRun(RemoteTestNG.java:251)
at org.testng.remote.RemoteTestNG.main(RemoteTestNG.java:77)
]]>
    </error>
  </testcase> <!-- Close -->
  <system-out/>
  <testcase classname="CriticalTestCases.CompanyAdminLogin" name="CaseNoticeTypeGraph" time="309.503">
    <error message="Cannot read the array length because &quot;dirContents&quot; is null" type="java.lang.NullPointerException">
      <![CDATA[java.lang.NullPointerException: Cannot read the array length because "dirContents" is null
at litigationAdditionalOwner.MethodsPOM.CaseNoticeTypeGraph(MethodsPOM.java:8996)
at CriticalTestCases.CompanyAdminLogin.CaseNoticeTypeGraph(CompanyAdminLogin.java:127)
at java.base/jdk.internal.reflect.DirectMethodHandleAccessor.invoke(DirectMethodHandleAccessor.java:104)
at java.base/java.lang.reflect.Method.invoke(Method.java:578)
at org.testng.internal.MethodInvocationHelper.invokeMethod(MethodInvocationHelper.java:133)
at org.testng.internal.TestInvoker.invokeMethod(TestInvoker.java:598)
at org.testng.internal.TestInvoker.invokeTestMethod(TestInvoker.java:173)
at org.testng.internal.MethodRunner.runInSequence(MethodRunner.java:46)
at org.testng.internal.TestInvoker$MethodInvocationAgent.invoke(TestInvoker.java:824)
at org.testng.internal.TestInvoker.invokeTestMethods(TestInvoker.java:146)
at org.testng.internal.TestMethodWorker.invokeTestMethods(TestMethodWorker.java:146)
at org.testng.internal.TestMethodWorker.run(TestMethodWorker.java:128)
at java.base/java.util.ArrayList.forEach(ArrayList.java:1511)
at org.testng.TestRunner.privateRun(TestRunner.java:794)
at org.testng.TestRunner.run(TestRunner.java:596)
at org.testng.SuiteRunner.runTest(SuiteRunner.java:377)
at org.testng.SuiteRunner.runSequentially(SuiteRunner.java:371)
at org.testng.SuiteRunner.privateRun(SuiteRunner.java:332)
at org.testng.SuiteRunner.run(SuiteRunner.java:276)
at org.testng.SuiteRunnerWorker.runSuite(SuiteRunnerWorker.java:53)
at org.testng.SuiteRunnerWorker.run(SuiteRunnerWorker.java:96)
at org.testng.TestNG.runSuitesSequentially(TestNG.java:1212)
at org.testng.TestNG.runSuitesLocally(TestNG.java:1134)
at org.testng.TestNG.runSuites(TestNG.java:1063)
at org.testng.TestNG.run(TestNG.java:1031)
at org.testng.remote.AbstractRemoteTestNG.run(AbstractRemoteTestNG.java:115)
at org.testng.remote.RemoteTestNG.initAndRun(RemoteTestNG.java:251)
at org.testng.remote.RemoteTestNG.main(RemoteTestNG.java:77)
]]>
    </error>
  </testcase> <!-- CaseNoticeTypeGraph -->
  <system-out/>
  <testcase classname="CriticalTestCases.CompanyAdminLogin" name="CaseNoticeStageGraphNotice" time="229.124">
    <error message="Cannot read the array length because &quot;dirContents&quot; is null" type="java.lang.NullPointerException">
      <![CDATA[java.lang.NullPointerException: Cannot read the array length because "dirContents" is null
at litigationAdditionalOwner.MethodsPOM.CaseNoticeStageGraph(MethodsPOM.java:8812)
at CriticalTestCases.CompanyAdminLogin.CaseNoticeStageGraphNotice(CompanyAdminLogin.java:165)
at java.base/jdk.internal.reflect.DirectMethodHandleAccessor.invoke(DirectMethodHandleAccessor.java:104)
at java.base/java.lang.reflect.Method.invoke(Method.java:578)
at org.testng.internal.MethodInvocationHelper.invokeMethod(MethodInvocationHelper.java:133)
at org.testng.internal.TestInvoker.invokeMethod(TestInvoker.java:598)
at org.testng.internal.TestInvoker.invokeTestMethod(TestInvoker.java:173)
at org.testng.internal.MethodRunner.runInSequence(MethodRunner.java:46)
at org.testng.internal.TestInvoker$MethodInvocationAgent.invoke(TestInvoker.java:824)
at org.testng.internal.TestInvoker.invokeTestMethods(TestInvoker.java:146)
at org.testng.internal.TestMethodWorker.invokeTestMethods(TestMethodWorker.java:146)
at org.testng.internal.TestMethodWorker.run(TestMethodWorker.java:128)
at java.base/java.util.ArrayList.forEach(ArrayList.java:1511)
at org.testng.TestRunner.privateRun(TestRunner.java:794)
at org.testng.TestRunner.run(TestRunner.java:596)
at org.testng.SuiteRunner.runTest(SuiteRunner.java:377)
at org.testng.SuiteRunner.runSequentially(SuiteRunner.java:371)
at org.testng.SuiteRunner.privateRun(SuiteRunner.java:332)
at org.testng.SuiteRunner.run(SuiteRunner.java:276)
at org.testng.SuiteRunnerWorker.runSuite(SuiteRunnerWorker.java:53)
at org.testng.SuiteRunnerWorker.run(SuiteRunnerWorker.java:96)
at org.testng.TestNG.runSuitesSequentially(TestNG.java:1212)
at org.testng.TestNG.runSuitesLocally(TestNG.java:1134)
at org.testng.TestNG.runSuites(TestNG.java:1063)
at org.testng.TestNG.run(TestNG.java:1031)
at org.testng.remote.AbstractRemoteTestNG.run(AbstractRemoteTestNG.java:115)
at org.testng.remote.RemoteTestNG.initAndRun(RemoteTestNG.java:251)
at org.testng.remote.RemoteTestNG.main(RemoteTestNG.java:77)
]]>
    </error>
  </testcase> <!-- CaseNoticeStageGraphNotice -->
  <system-out/>
  <testcase classname="CriticalTestCases.CompanyAdminLogin" name="RiskSummaryGraph" time="0.008">
    <error message="no such window: target window already closed
from unknown error: web view not found
  (Session info: chrome=119.0.6045.200)
Build info: version: &#039;3.141.0&#039;, revision: &#039;2ecb7d9a&#039;, time: &#039;2018-10-31T20:09:30&#039;
System info: host: &#039;TRPL-PUN-0115&#039;, ip: &#039;192.168.160.1&#039;, os.name: &#039;Windows 10&#039;, os.arch: &#039;amd64&#039;, os.version: &#039;10.0&#039;, java.version: &#039;20&#039;
Driver info: org.openqa.selenium.chrome.ChromeDriver
Capabilities {acceptInsecureCerts: false, browserName: chrome, browserVersion: 119.0.6045.200, chrome: {chromedriverVersion: 119.0.6045.105 (38c72552c5e..., userDataDir: C:\Users\snehalp\AppData\Lo...}, fedcm:accounts: true, goog:chromeOptions: {debuggerAddress: localhost:50063}, javascriptEnabled: true, networkConnectionEnabled: false, pageLoadStrategy: normal, platform: WINDOWS, platformName: WINDOWS, proxy: Proxy(), setWindowRect: true, strictFileInteractability: false, timeouts: {implicit: 0, pageLoad: 300000, script: 30000}, unhandledPromptBehavior: dismiss and notify, webauthn:extension:credBlob: true, webauthn:extension:largeBlob: true, webauthn:extension:minPinLength: true, webauthn:extension:prf: true, webauthn:virtualAuthenticators: true}
Session ID: 80ab1977f8e52719f8a01ae0ab7c5db9" type="org.openqa.selenium.NoSuchWindowException">
      <![CDATA[org.openqa.selenium.NoSuchWindowException: no such window: target window already closed
from unknown error: web view not found
  (Session info: chrome=119.0.6045.200)
Build info: version: '3.141.0', revision: '2ecb7d9a', time: '2018-10-31T20:09:30'
System info: host: 'TRPL-PUN-0115', ip: '192.168.160.1', os.name: 'Windows 10', os.arch: 'amd64', os.version: '10.0', java.version: '20'
Driver info: org.openqa.selenium.chrome.ChromeDriver
Capabilities {acceptInsecureCerts: false, browserName: chrome, browserVersion: 119.0.6045.200, chrome: {chromedriverVersion: 119.0.6045.105 (38c72552c5e..., userDataDir: C:\Users\snehalp\AppData\Lo...}, fedcm:accounts: true, goog:chromeOptions: {debuggerAddress: localhost:50063}, javascriptEnabled: true, networkConnectionEnabled: false, pageLoadStrategy: normal, platform: WINDOWS, platformName: WINDOWS, proxy: Proxy(), setWindowRect: true, strictFileInteractability: false, timeouts: {implicit: 0, pageLoad: 300000, script: 30000}, unhandledPromptBehavior: dismiss and notify, webauthn:extension:credBlob: true, webauthn:extension:largeBlob: true, webauthn:extension:minPinLength: true, webauthn:extension:prf: true, webauthn:virtualAuthenticators: true}
Session ID: 80ab1977f8e52719f8a01ae0ab7c5db9
at java.base/jdk.internal.reflect.DirectConstructorHandleAccessor.newInstance(DirectConstructorHandleAccessor.java:67)
at java.base/java.lang.reflect.Constructor.newInstanceWithCaller(Constructor.java:500)
at java.base/java.lang.reflect.Constructor.newInstance(Constructor.java:484)
at org.openqa.selenium.remote.http.W3CHttpResponseCodec.createException(W3CHttpResponseCodec.java:187)
at org.openqa.selenium.remote.http.W3CHttpResponseCodec.decode(W3CHttpResponseCodec.java:122)
at org.openqa.selenium.remote.http.W3CHttpResponseCodec.decode(W3CHttpResponseCodec.java:49)
at org.openqa.selenium.remote.HttpCommandExecutor.execute(HttpCommandExecutor.java:158)
at org.openqa.selenium.remote.service.DriverCommandExecutor.execute(DriverCommandExecutor.java:83)
at org.openqa.selenium.remote.RemoteWebDriver.execute(RemoteWebDriver.java:552)
at org.openqa.selenium.remote.RemoteWebDriver.executeScript(RemoteWebDriver.java:489)
at CriticalTestCases.CompanyAdminLogin.RiskSummaryGraph(CompanyAdminLogin.java:179)
at java.base/jdk.internal.reflect.DirectMethodHandleAccessor.invoke(DirectMethodHandleAccessor.java:104)
at java.base/java.lang.reflect.Method.invoke(Method.java:578)
at org.testng.internal.MethodInvocationHelper.invokeMethod(MethodInvocationHelper.java:133)
at org.testng.internal.TestInvoker.invokeMethod(TestInvoker.java:598)
at org.testng.internal.TestInvoker.invokeTestMethod(TestInvoker.java:173)
at org.testng.internal.MethodRunner.runInSequence(MethodRunner.java:46)
at org.testng.internal.TestInvoker$MethodInvocationAgent.invoke(TestInvoker.java:824)
at org.testng.internal.TestInvoker.invokeTestMethods(TestInvoker.java:146)
at org.testng.internal.TestMethodWorker.invokeTestMethods(TestMethodWorker.java:146)
at org.testng.internal.TestMethodWorker.run(TestMethodWorker.java:128)
at java.base/java.util.ArrayList.forEach(ArrayList.java:1511)
at org.testng.TestRunner.privateRun(TestRunner.java:794)
at org.testng.TestRunner.run(TestRunner.java:596)
at org.testng.SuiteRunner.runTest(SuiteRunner.java:377)
at org.testng.SuiteRunner.runSequentially(SuiteRunner.java:371)
at org.testng.SuiteRunner.privateRun(SuiteRunner.java:332)
at org.testng.SuiteRunner.run(SuiteRunner.java:276)
at org.testng.SuiteRunnerWorker.runSuite(SuiteRunnerWorker.java:53)
at org.testng.SuiteRunnerWorker.run(SuiteRunnerWorker.java:96)
at org.testng.TestNG.runSuitesSequentially(TestNG.java:1212)
at org.testng.TestNG.runSuitesLocally(TestNG.java:1134)
at org.testng.TestNG.runSuites(TestNG.java:1063)
at org.testng.TestNG.run(TestNG.java:1031)
at org.testng.remote.AbstractRemoteTestNG.run(AbstractRemoteTestNG.java:115)
at org.testng.remote.RemoteTestNG.initAndRun(RemoteTestNG.java:251)
at org.testng.remote.RemoteTestNG.main(RemoteTestNG.java:77)
]]>
    </error>
  </testcase> <!-- RiskSummaryGraph -->
  <system-out/>
  <testcase classname="CriticalTestCases.CompanyAdminLogin" name="DepartmentSummaryGraph" time="0.000">
    <skipped/>
  </testcase> <!-- DepartmentSummaryGraph -->
  <system-out/>
  <testcase classname="CriticalTestCases.CompanyAdminLogin" name="LocationSummaryGraph" time="0.000">
    <skipped/>
  </testcase> <!-- LocationSummaryGraph -->
  <system-out/>
  <testcase classname="CriticalTestCases.CompanyAdminLogin" name="CategorySummaryGraph" time="0.000">
    <skipped/>
  </testcase> <!-- CategorySummaryGraph -->
  <system-out/>
  <testcase classname="CriticalTestCases.CompanyAdminLogin" name="InwardDefendantAgeingGraph" time="0.000">
    <skipped/>
  </testcase> <!-- InwardDefendantAgeingGraph -->
  <system-out/>
  <testcase classname="CriticalTestCases.CompanyAdminLogin" name="AgeingGraph1to2years" time="0.000">
    <skipped/>
  </testcase> <!-- AgeingGraph1to2years -->
  <system-out/>
  <testcase classname="CriticalTestCases.CompanyAdminLogin" name="AgeingGraph2to3years" time="0.000">
    <skipped/>
  </testcase> <!-- AgeingGraph2to3years -->
  <system-out/>
  <testcase classname="CriticalTestCases.CompanyAdminLogin" name="AgeingGraphMorethan3years" time="0.000">
    <skipped/>
  </testcase> <!-- AgeingGraphMorethan3years -->
  <system-out/>
  <testcase classname="CriticalTestCases.CompanyAdminLogin" name="CaseNoticeTypeGraph1" time="0.000">
    <skipped/>
  </testcase> <!-- CaseNoticeTypeGraph1 -->
  <system-out/>
  <testcase classname="CriticalTestCases.CompanyAdminLogin" name="CaseNoticeStageGraphNotice1" time="0.000">
    <skipped/>
  </testcase> <!-- CaseNoticeStageGraphNotice1 -->
  <system-out/>
  <testcase classname="CriticalTestCases.CompanyAdminLogin" name="RiskSummaryGraph1" time="0.000">
    <skipped/>
  </testcase> <!-- RiskSummaryGraph1 -->
  <system-out/>
  <testcase classname="CriticalTestCases.CompanyAdminLogin" name="DepartmentSummaryGraph1" time="0.000">
    <skipped/>
  </testcase> <!-- DepartmentSummaryGraph1 -->
  <system-out/>
  <testcase classname="CriticalTestCases.CompanyAdminLogin" name="LocationSummaryGraph1" time="0.000">
    <skipped/>
  </testcase> <!-- LocationSummaryGraph1 -->
  <system-out/>
  <testcase classname="CriticalTestCases.CompanyAdminLogin" name="CategorySummaryGraph1" time="0.000">
    <skipped/>
  </testcase> <!-- CategorySummaryGraph1 -->
  <system-out/>
  <testcase classname="CriticalTestCases.CompanyAdminLogin" name="ExpensesCaseGraph" time="0.000">
    <skipped/>
  </testcase> <!-- ExpensesCaseGraph -->
  <system-out/>
  <testcase classname="CriticalTestCases.CompanyAdminLogin" name="ExpensesCategoryWiseCaseGraph" time="0.000">
    <skipped/>
  </testcase> <!-- ExpensesCategoryWiseCaseGraph -->
  <system-out/>
  <testcase classname="CriticalTestCases.CompanyAdminLogin" name="ExpensesCounselWiseCaseGraph" time="0.000">
    <skipped/>
  </testcase> <!-- ExpensesCounselWiseCaseGraph -->
  <system-out/>
  <testcase classname="CriticalTestCases.CompanyAdminLogin" name="UtilizedBudgetGraph" time="0.000">
    <skipped/>
  </testcase> <!-- UtilizedBudgetGraph -->
  <system-out/>
  <testcase classname="CriticalTestCases.CompanyAdminLogin" name="AgeingGraph" time="0.000">
    <skipped/>
  </testcase> <!-- AgeingGraph -->
  <system-out/>
  <testcase classname="CriticalTestCases.CompanyAdminLogin" name="AgeingGraph1to2yearsCase" time="0.000">
    <skipped/>
  </testcase> <!-- AgeingGraph1to2yearsCase -->
  <system-out/>
  <testcase classname="CriticalTestCases.CompanyAdminLogin" name="AgeingGraph2to3yearsCase" time="0.000">
    <skipped/>
  </testcase> <!-- AgeingGraph2to3yearsCase -->
  <system-out/>
  <testcase classname="CriticalTestCases.CompanyAdminLogin" name="AgeingGraphMoreThan3yearsCase" time="0.000">
    <skipped/>
  </testcase> <!-- AgeingGraphMoreThan3yearsCase -->
  <system-out/>
  <testcase classname="CriticalTestCases.CompanyAdminLogin" name="NoticeOpen" time="0.000">
    <skipped/>
  </testcase> <!-- NoticeOpen -->
  <system-out/>
  <testcase classname="CriticalTestCases.CompanyAdminLogin" name="CaseOpen" time="0.000">
    <skipped/>
  </testcase> <!-- CaseOpen -->
  <system-out/>
  <testcase classname="CriticalTestCases.CompanyAdminLogin" name="TaskOpen" time="0.000">
    <skipped/>
  </testcase> <!-- TaskOpen -->
  <system-out/>
  <testcase classname="CriticalTestCases.CompanyAdminLogin" name="TaskDelete" time="0.000">
    <skipped/>
  </testcase> <!-- TaskDelete -->
  <system-out/>
  <testcase classname="CriticalTestCases.CompanyAdminLogin" name="NoticeClosed" time="0.000">
    <skipped/>
  </testcase> <!-- NoticeClosed -->
  <system-out/>
  <testcase classname="CriticalTestCases.CompanyAdminLogin" name="CaseClose" time="0.000">
    <skipped/>
  </testcase> <!-- CaseClose -->
  <system-out/>
  <testcase classname="CriticalTestCases.CompanyAdminLogin" name="CloseNotice" time="0.000">
    <skipped/>
  </testcase> <!-- CloseNotice -->
  <system-out/>
  <testcase classname="CriticalTestCases.CompanyAdminLogin" name="CloseCase" time="0.000">
    <skipped/>
  </testcase> <!-- CloseCase -->
  <system-out/>
  <testcase classname="CriticalTestCases.CompanyAdminLogin" name="TaskClosed" time="0.000">
    <skipped/>
  </testcase> <!-- TaskClosed -->
  <system-out/>
  <testcase classname="CriticalTestCases.CompanyAdminLogin" name="NoticeDocument" time="0.000">
    <skipped/>
  </testcase> <!-- NoticeDocument -->
  <system-out/>
  <testcase classname="CriticalTestCases.CompanyAdminLogin" name="NoticeTaskActivity" time="0.000">
    <skipped/>
  </testcase> <!-- NoticeTaskActivity -->
  <system-out/>
  <testcase classname="CriticalTestCases.CompanyAdminLogin" name="TaskActivtityDeleteResponse" time="0.000">
    <skipped/>
  </testcase> <!-- TaskActivtityDeleteResponse -->
  <system-out/>
  <testcase classname="CriticalTestCases.CompanyAdminLogin" name="NoticeResponse" time="0.000">
    <skipped/>
  </testcase> <!-- NoticeResponse -->
  <system-out/>
  <testcase classname="CriticalTestCases.CompanyAdminLogin" name="NoticePayment" time="0.000">
    <skipped/>
  </testcase> <!-- NoticePayment -->
  <system-out/>
  <testcase classname="CriticalTestCases.CompanyAdminLogin" name="NoticeExternalLawyer" time="0.000">
    <skipped/>
  </testcase> <!-- NoticeExternalLawyer -->
  <system-out/>
  <testcase classname="CriticalTestCases.CompanyAdminLogin" name="NoticeAuditLog" time="0.000">
    <skipped/>
  </testcase> <!-- NoticeAuditLog -->
  <system-out/>
  <testcase classname="CriticalTestCases.CompanyAdminLogin" name="CaseDocument" time="0.000">
    <skipped/>
  </testcase> <!-- CaseDocument -->
  <system-out/>
  <testcase classname="CriticalTestCases.CompanyAdminLogin" name="CaseTaskActivityTab" time="0.000">
    <skipped/>
  </testcase> <!-- CaseTaskActivityTab -->
  <system-out/>
  <testcase classname="CriticalTestCases.CompanyAdminLogin" name="CaseHearingcfo" time="0.000">
    <skipped/>
  </testcase> <!-- CaseHearingcfo -->
  <system-out/>
  <testcase classname="CriticalTestCases.CompanyAdminLogin" name="CaseOrderTab" time="0.000">
    <skipped/>
  </testcase> <!-- CaseOrderTab -->
  <system-out/>
  <testcase classname="CriticalTestCases.CompanyAdminLogin" name="CaseStatusPayment" time="0.000">
    <skipped/>
  </testcase> <!-- CaseStatusPayment -->
  <system-out/>
  <testcase classname="CriticalTestCases.CompanyAdminLogin" name="ExternalLawyer" time="0.000">
    <skipped/>
  </testcase> <!-- ExternalLawyer -->
  <system-out/>
  <testcase classname="CriticalTestCases.CompanyAdminLogin" name="CaseAuditLog" time="0.000">
    <skipped/>
  </testcase> <!-- CaseAuditLog -->
  <system-out/>
  <testcase classname="CriticalTestCases.CompanyAdminLogin" name="MyDocument" time="0.000">
    <skipped/>
  </testcase> <!-- MyDocument -->
  <system-out/>
  <testcase classname="CriticalTestCases.CompanyAdminLogin" name="ShareCaseDocument" time="0.000">
    <skipped/>
  </testcase> <!-- ShareCaseDocument -->
  <system-out/>
  <testcase classname="CriticalTestCases.CompanyAdminLogin" name="ShareNoticeDocument" time="0.000">
    <skipped/>
  </testcase> <!-- ShareNoticeDocument -->
  <system-out/>
  <testcase classname="CriticalTestCases.CompanyAdminLogin" name="ShareTaskDocument" time="0.000">
    <skipped/>
  </testcase> <!-- ShareTaskDocument -->
  <system-out/>
  <testcase classname="CriticalTestCases.CompanyAdminLogin" name="MyReports" time="0.000">
    <skipped/>
  </testcase> <!-- MyReports -->
  <system-out/>
  <testcase classname="CriticalTestCases.CompanyAdminLogin" name="MoreReports" time="0.000">
    <skipped/>
  </testcase> <!-- MoreReports -->
  <system-out/>
  <testcase classname="CriticalTestCases.CompanyAdminLogin" name="MyReminder" time="0.000">
    <skipped/>
  </testcase> <!-- MyReminder -->
  <system-out/>
  <testcase classname="CriticalTestCases.CompanyAdminLogin" name="ImportUtility" time="0.000">
    <skipped/>
  </testcase> <!-- ImportUtility -->
  <system-out/>
  <testcase classname="CriticalTestCases.CompanyAdminLogin" name="Masters" time="0.000">
    <skipped/>
  </testcase> <!-- Masters -->
  <system-out/>
  <testcase classname="CriticalTestCases.CompanyAdminLogin" name="Masters1" time="0.000">
    <skipped/>
  </testcase> <!-- Masters1 -->
  <system-out/>
  <testcase classname="CriticalTestCases.CompanyAdminLogin" name="Masters2" time="0.000">
    <skipped/>
  </testcase> <!-- Masters2 -->
  <system-out/>
  <testcase classname="CriticalTestCases.CompanyAdminLogin" name="Masters3" time="0.000">
    <skipped/>
  </testcase> <!-- Masters3 -->
  <system-out/>
  <testcase classname="CriticalTestCases.CompanyAdminLogin" name="Masters4" time="0.000">
    <skipped/>
  </testcase> <!-- Masters4 -->
  <system-out/>
  <testcase classname="CriticalTestCases.CompanyAdminLogin" name="Masters5" time="0.000">
    <skipped/>
  </testcase> <!-- Masters5 -->
  <system-out/>
  <testcase classname="CriticalTestCases.CompanyAdminLogin" name="Masters6" time="0.000">
    <skipped/>
  </testcase> <!-- Masters6 -->
  <system-out/>
  <testcase classname="CriticalTestCases.CompanyAdminLogin" name="Masters7" time="0.000">
    <skipped/>
  </testcase> <!-- Masters7 -->
  <system-out/>
  <testcase classname="CriticalTestCases.CompanyAdminLogin" name="Masters8" time="0.002">
    <skipped/>
  </testcase> <!-- Masters8 -->
  <system-out/>
  <testcase classname="CriticalTestCases.CompanyAdminLogin" name="Masters9" time="0.000">
    <skipped/>
  </testcase> <!-- Masters9 -->
  <system-out/>
  <testcase classname="CriticalTestCases.CompanyAdminLogin" name="Masters10" time="0.000">
    <skipped/>
  </testcase> <!-- Masters10 -->
  <system-out/>
  <testcase classname="CriticalTestCases.CompanyAdminLogin" name="Masters11" time="0.000">
    <skipped/>
  </testcase> <!-- Masters11 -->
  <system-out/>
  <testcase classname="CriticalTestCases.CompanyAdminLogin" name="AnnualBudget" time="0.000">
    <skipped/>
  </testcase> <!-- AnnualBudget -->
  <system-out/>
  <testcase classname="CriticalTestCases.CompanyAdminLogin" name="UpdateAnnualBudget" time="0.000">
    <skipped/>
  </testcase> <!-- UpdateAnnualBudget -->
  <system-out/>
  <testcase classname="CriticalTestCases.CompanyAdminLogin" name="DeleteAnnualBudget" time="0.000">
    <skipped/>
  </testcase> <!-- DeleteAnnualBudget -->
  <system-out/>
  <testcase classname="CriticalTestCases.CompanyAdminLogin" name="Masters12" time="0.000">
    <skipped/>
  </testcase> <!-- Masters12 -->
  <system-out/>
  <testcase classname="CriticalTestCases.CompanyAdminLogin" name="Masters13" time="0.000">
    <skipped/>
  </testcase> <!-- Masters13 -->
  <system-out/>
  <testcase classname="CriticalTestCases.CompanyAdminLogin" name="Masters14" time="0.000">
    <skipped/>
  </testcase> <!-- Masters14 -->
  <system-out/>
  <testcase classname="CriticalTestCases.CompanyAdminLogin" name="Masters15" time="0.000">
    <skipped/>
  </testcase> <!-- Masters15 -->
  <system-out/>
</testsuite> <!-- CriticalTestCases.CompanyAdminLogin -->
