<?xml version="1.0" encoding="UTF-8"?>
<!-- Generated by org.testng.reporters.JUnitReportReporter -->
<testsuite hostname="DESKTOP-6RDAJ8O" failures="0" tests="4" name="litigationExternalLawyer.ExternalLawyer" time="139.578" errors="0" timestamp="2023-03-01T14:23:06 IST" skipped="0">
  <testcase classname="litigationExternalLawyer.ExternalLawyer" name="Login" time="13.272"/>
  <system-out/>
  <testcase classname="litigationExternalLawyer.ExternalLawyer" name="MoreReports" time="66.170"/>
  <system-out/>
  <testcase classname="litigationExternalLawyer.ExternalLawyer" name="CaseAdvocateBill1" time="25.250"/>
  <system-out/>
  <testcase classname="litigationExternalLawyer.ExternalLawyer" name="CaseAdvocateBill" time="34.886"/>
  <system-out/>
</testsuite> <!-- litigationExternalLawyer.ExternalLawyer -->
