<?xml version="1.0" encoding="UTF-8"?>
<!-- Generated by org.testng.reporters.JUnitReportReporter -->
<testsuite hostname="DESKTOP-6RDAJ8O" failures="0" tests="3" name="litigationExternalLawyer.ExternalLawyer" time="70.802" errors="0" timestamp="2023-02-16T17:28:07 IST" skipped="0">
  <testcase classname="litigationExternalLawyer.ExternalLawyer" name="Login" time="13.048"/>
  <system-out/>
  <testcase classname="litigationExternalLawyer.ExternalLawyer" name="CaseAdvocateBill1" time="25.116"/>
  <system-out/>
  <testcase classname="litigationExternalLawyer.ExternalLawyer" name="CaseAdvocateBill" time="32.638"/>
  <system-out/>
</testsuite> <!-- litigationExternalLawyer.ExternalLawyer -->
