<?xml version="1.0" encoding="UTF-8"?>
<!-- Generated by org.testng.reporters.JUnitReportReporter -->
<testsuite hostname="DESKTOP-6RDAJ8O" failures="0" tests="3" name="litigationFE.FE" time="158.397" errors="0" timestamp="2023-02-07T10:12:46 IST" skipped="0">
  <testcase classname="litigationFE.FE" name="Login" time="12.828"/>
  <system-out/>
  <testcase classname="litigationFE.FE" name="DashBoardFilter" time="89.717"/>
  <system-out/>
  <testcase classname="litigationFE.FE" name="CaseNoticeStageGraph" time="55.852"/>
  <system-out/>
</testsuite> <!-- litigationFE.FE -->
