<?xml version="1.0" encoding="UTF-8"?>
<!-- Generated by org.testng.reporters.JUnitReportReporter -->
<testsuite hostname="DESKTOP-LP" failures="0" tests="174" name="CriticalTestCases.CFOlogin" time="18.328" errors="1" timestamp="2023-11-20T12:21:36 IST" skipped="173">
  <testcase classname="CriticalTestCases.CFOlogin" name="Login" time="18.326">
    <error message="Browser is not correct" type="java.lang.Exception">
      <![CDATA[java.lang.Exception: Browser is not correct
at login.Login.BrowserSetup1(Login.java:82)
at CriticalTestCases.CFOlogin.Login(CFOlogin.java:75)
at java.base/jdk.internal.reflect.DirectMethodHandleAccessor.invoke(DirectMethodHandleAccessor.java:104)
at java.base/java.lang.reflect.Method.invoke(Method.java:578)
at org.testng.internal.MethodInvocationHelper.invokeMethod(MethodInvocationHelper.java:133)
at org.testng.internal.MethodInvocationHelper.invokeMethodConsideringTimeout(MethodInvocationHelper.java:62)
at org.testng.internal.ConfigInvoker.invokeConfigurationMethod(ConfigInvoker.java:385)
at org.testng.internal.ConfigInvoker.invokeConfigurations(ConfigInvoker.java:321)
at org.testng.internal.TestInvoker.runConfigMethods(TestInvoker.java:700)
at org.testng.internal.TestInvoker.invokeMethod(TestInvoker.java:527)
at org.testng.internal.TestInvoker.invokeTestMethod(TestInvoker.java:173)
at org.testng.internal.MethodRunner.runInSequence(MethodRunner.java:46)
at org.testng.internal.TestInvoker$MethodInvocationAgent.invoke(TestInvoker.java:824)
at org.testng.internal.TestInvoker.invokeTestMethods(TestInvoker.java:146)
at org.testng.internal.TestMethodWorker.invokeTestMethods(TestMethodWorker.java:146)
at org.testng.internal.TestMethodWorker.run(TestMethodWorker.java:128)
at java.base/java.util.ArrayList.forEach(ArrayList.java:1511)
at org.testng.TestRunner.privateRun(TestRunner.java:794)
at org.testng.TestRunner.run(TestRunner.java:596)
at org.testng.SuiteRunner.runTest(SuiteRunner.java:377)
at org.testng.SuiteRunner.runSequentially(SuiteRunner.java:371)
at org.testng.SuiteRunner.privateRun(SuiteRunner.java:332)
at org.testng.SuiteRunner.run(SuiteRunner.java:276)
at org.testng.SuiteRunnerWorker.runSuite(SuiteRunnerWorker.java:53)
at org.testng.SuiteRunnerWorker.run(SuiteRunnerWorker.java:96)
at org.testng.TestNG.runSuitesSequentially(TestNG.java:1212)
at org.testng.TestNG.runSuitesLocally(TestNG.java:1134)
at org.testng.TestNG.runSuites(TestNG.java:1063)
at org.testng.TestNG.run(TestNG.java:1031)
at org.testng.remote.AbstractRemoteTestNG.run(AbstractRemoteTestNG.java:115)
at org.testng.remote.RemoteTestNG.initAndRun(RemoteTestNG.java:251)
at org.testng.remote.RemoteTestNG.main(RemoteTestNG.java:77)
]]>
    </error>
  </testcase> <!-- Login -->
  <system-out/>
  <testcase classname="CriticalTestCases.CFOlogin" name="CaseNoticeTypeGraph" time="0.000">
    <skipped/>
  </testcase> <!-- CaseNoticeTypeGraph -->
  <system-out/>
  <testcase classname="CriticalTestCases.CFOlogin" name="CaseNoticeStageGraph" time="0.000">
    <skipped/>
  </testcase> <!-- CaseNoticeStageGraph -->
  <system-out/>
  <testcase classname="CriticalTestCases.CFOlogin" name="RiskSummaryGraph" time="0.000">
    <skipped/>
  </testcase> <!-- RiskSummaryGraph -->
  <system-out/>
  <testcase classname="CriticalTestCases.CFOlogin" name="DepartmentSummaryGraph" time="0.000">
    <skipped/>
  </testcase> <!-- DepartmentSummaryGraph -->
  <system-out/>
  <testcase classname="CriticalTestCases.CFOlogin" name="LocationSummaryGraph" time="0.000">
    <skipped/>
  </testcase> <!-- LocationSummaryGraph -->
  <system-out/>
  <testcase classname="CriticalTestCases.CFOlogin" name="CategorySummaryGraph" time="0.000">
    <skipped/>
  </testcase> <!-- CategorySummaryGraph -->
  <system-out/>
  <testcase classname="CriticalTestCases.CFOlogin" name="InwardDefendantAgeingGraph" time="0.000">
    <skipped/>
  </testcase> <!-- InwardDefendantAgeingGraph -->
  <system-out/>
  <testcase classname="CriticalTestCases.CFOlogin" name="ComplainantAgeingGraph" time="0.000">
    <skipped/>
  </testcase> <!-- ComplainantAgeingGraph -->
  <system-out/>
  <testcase classname="CriticalTestCases.CFOlogin" name="ApplicantAgeingGraph" time="0.000">
    <skipped/>
  </testcase> <!-- ApplicantAgeingGraph -->
  <system-out/>
  <testcase classname="CriticalTestCases.CFOlogin" name="OutwardPlaintiffAgeingGraph" time="0.000">
    <skipped/>
  </testcase> <!-- OutwardPlaintiffAgeingGraph -->
  <system-out/>
  <testcase classname="CriticalTestCases.CFOlogin" name="PetitionerAgeingGraph" time="0.000">
    <skipped/>
  </testcase> <!-- PetitionerAgeingGraph -->
  <system-out/>
  <testcase classname="CriticalTestCases.CFOlogin" name="ComplainantAgeingGraph1to2years" time="0.000">
    <skipped/>
  </testcase> <!-- ComplainantAgeingGraph1to2years -->
  <system-out/>
  <testcase classname="CriticalTestCases.CFOlogin" name="InwardDefendentAgeingGraph1to2years" time="0.000">
    <skipped/>
  </testcase> <!-- InwardDefendentAgeingGraph1to2years -->
  <system-out/>
  <testcase classname="CriticalTestCases.CFOlogin" name="OutwardPlaintiffAgeingGraph1to2years" time="0.000">
    <skipped/>
  </testcase> <!-- OutwardPlaintiffAgeingGraph1to2years -->
  <system-out/>
  <testcase classname="CriticalTestCases.CFOlogin" name="RespondentAgeingGraph1to2yearsAgeingGraph1to2years" time="0.000">
    <skipped/>
  </testcase> <!-- RespondentAgeingGraph1to2yearsAgeingGraph1to2years -->
  <system-out/>
  <testcase classname="CriticalTestCases.CFOlogin" name="InwardDefendentAgeingGraph2to3years" time="0.000">
    <skipped/>
  </testcase> <!-- InwardDefendentAgeingGraph2to3years -->
  <system-out/>
  <testcase classname="CriticalTestCases.CFOlogin" name="RespondentAgeingGraph" time="0.000">
    <skipped/>
  </testcase> <!-- RespondentAgeingGraph -->
  <system-out/>
  <testcase classname="CriticalTestCases.CFOlogin" name="CaseNoticeTypeGraph1" time="0.000">
    <skipped/>
  </testcase> <!-- CaseNoticeTypeGraph1 -->
  <system-out/>
  <testcase classname="CriticalTestCases.CFOlogin" name="CaseNoticeStageGraph1" time="0.000">
    <skipped/>
  </testcase> <!-- CaseNoticeStageGraph1 -->
  <system-out/>
  <testcase classname="CriticalTestCases.CFOlogin" name="RiskSummaryGraph1" time="0.000">
    <skipped/>
  </testcase> <!-- RiskSummaryGraph1 -->
  <system-out/>
  <testcase classname="CriticalTestCases.CFOlogin" name="DepartmentSummaryGraph1" time="0.000">
    <skipped/>
  </testcase> <!-- DepartmentSummaryGraph1 -->
  <system-out/>
  <testcase classname="CriticalTestCases.CFOlogin" name="LocationSummaryGraph1" time="0.000">
    <skipped/>
  </testcase> <!-- LocationSummaryGraph1 -->
  <system-out/>
  <testcase classname="CriticalTestCases.CFOlogin" name="CategorySummaryGraph1" time="0.000">
    <skipped/>
  </testcase> <!-- CategorySummaryGraph1 -->
  <system-out/>
  <testcase classname="CriticalTestCases.CFOlogin" name="ExpensesCaseGraph" time="0.000">
    <skipped/>
  </testcase> <!-- ExpensesCaseGraph -->
  <system-out/>
  <testcase classname="CriticalTestCases.CFOlogin" name="ExpensesCategoryWiseCaseGraph" time="0.000">
    <skipped/>
  </testcase> <!-- ExpensesCategoryWiseCaseGraph -->
  <system-out/>
  <testcase classname="CriticalTestCases.CFOlogin" name="ExpensesCounselWiseCaseGraph" time="0.000">
    <skipped/>
  </testcase> <!-- ExpensesCounselWiseCaseGraph -->
  <system-out/>
  <testcase classname="CriticalTestCases.CFOlogin" name="UtilizedBudgetGraph" time="0.000">
    <skipped/>
  </testcase> <!-- UtilizedBudgetGraph -->
  <system-out/>
  <testcase classname="CriticalTestCases.CFOlogin" name="InwardDefendantAgeingGraphCase" time="0.000">
    <skipped/>
  </testcase> <!-- InwardDefendantAgeingGraphCase -->
  <system-out/>
  <testcase classname="CriticalTestCases.CFOlogin" name="OutwardPlaintiffAgeingGraphCase" time="0.000">
    <skipped/>
  </testcase> <!-- OutwardPlaintiffAgeingGraphCase -->
  <system-out/>
  <testcase classname="CriticalTestCases.CFOlogin" name="PetitionerAgeingGraphCase" time="0.000">
    <skipped/>
  </testcase> <!-- PetitionerAgeingGraphCase -->
  <system-out/>
  <testcase classname="CriticalTestCases.CFOlogin" name="NoticeOpen" time="0.000">
    <skipped/>
  </testcase> <!-- NoticeOpen -->
  <system-out/>
  <testcase classname="CriticalTestCases.CFOlogin" name="NoticeWithExistingData" time="0.000">
    <skipped/>
  </testcase> <!-- NoticeWithExistingData -->
  <system-out/>
  <testcase classname="CriticalTestCases.CFOlogin" name="NoticeWithInvalidData" time="0.000">
    <skipped/>
  </testcase> <!-- NoticeWithInvalidData -->
  <system-out/>
  <testcase classname="CriticalTestCases.CFOlogin" name="NoticeWithTwoMandatoryData" time="0.000">
    <skipped/>
  </testcase> <!-- NoticeWithTwoMandatoryData -->
  <system-out/>
  <testcase classname="CriticalTestCases.CFOlogin" name="NoticeWithEmptyFields" time="0.000">
    <skipped/>
  </testcase> <!-- NoticeWithEmptyFields -->
  <system-out/>
  <testcase classname="CriticalTestCases.CFOlogin" name="NoticeSendMailWithDoc" time="0.000">
    <skipped/>
  </testcase> <!-- NoticeSendMailWithDoc -->
  <system-out/>
  <testcase classname="CriticalTestCases.CFOlogin" name="NoticeSendMailWithDocInvalidFields" time="0.000">
    <skipped/>
  </testcase> <!-- NoticeSendMailWithDocInvalidFields -->
  <system-out/>
  <testcase classname="CriticalTestCases.CFOlogin" name="NoticeSendMailWithDocEmptyFields" time="0.000">
    <skipped/>
  </testcase> <!-- NoticeSendMailWithDocEmptyFields -->
  <system-out/>
  <testcase classname="CriticalTestCases.CFOlogin" name="NoticeUserAssignment" time="0.000">
    <skipped/>
  </testcase> <!-- NoticeUserAssignment -->
  <system-out/>
  <testcase classname="CriticalTestCases.CFOlogin" name="NoticeUserAssignmentDelete" time="0.000">
    <skipped/>
  </testcase> <!-- NoticeUserAssignmentDelete -->
  <system-out/>
  <testcase classname="CriticalTestCases.CFOlogin" name="LinkNotice" time="0.000">
    <skipped/>
  </testcase> <!-- LinkNotice -->
  <system-out/>
  <testcase classname="CriticalTestCases.CFOlogin" name="LinkNoticeViewIcon" time="0.000">
    <skipped/>
  </testcase> <!-- LinkNoticeViewIcon -->
  <system-out/>
  <testcase classname="CriticalTestCases.CFOlogin" name="LinkNoticeDeleteIcon" time="0.000">
    <skipped/>
  </testcase> <!-- LinkNoticeDeleteIcon -->
  <system-out/>
  <testcase classname="CriticalTestCases.CFOlogin" name="CaseOpen" time="0.000">
    <skipped/>
  </testcase> <!-- CaseOpen -->
  <system-out/>
  <testcase classname="CriticalTestCases.CFOlogin" name="CaseExistingData" time="0.000">
    <skipped/>
  </testcase> <!-- CaseExistingData -->
  <system-out/>
  <testcase classname="CriticalTestCases.CFOlogin" name="CaseWithInvalidData" time="0.000">
    <skipped/>
  </testcase> <!-- CaseWithInvalidData -->
  <system-out/>
  <testcase classname="CriticalTestCases.CFOlogin" name="CaseWithTwoFieldsData" time="0.000">
    <skipped/>
  </testcase> <!-- CaseWithTwoFieldsData -->
  <system-out/>
  <testcase classname="CriticalTestCases.CFOlogin" name="CaseWithEmptyFields" time="0.000">
    <skipped/>
  </testcase> <!-- CaseWithEmptyFields -->
  <system-out/>
  <testcase classname="CriticalTestCases.CFOlogin" name="CaseUserAssignment" time="0.000">
    <skipped/>
  </testcase> <!-- CaseUserAssignment -->
  <system-out/>
  <testcase classname="CriticalTestCases.CFOlogin" name="CaseUserAssignmentDelete" time="0.000">
    <skipped/>
  </testcase> <!-- CaseUserAssignmentDelete -->
  <system-out/>
  <testcase classname="CriticalTestCases.CFOlogin" name="TaskOpen" time="0.000">
    <skipped/>
  </testcase> <!-- TaskOpen -->
  <system-out/>
  <testcase classname="CriticalTestCases.CFOlogin" name="TaskwithExistingData" time="0.000">
    <skipped/>
  </testcase> <!-- TaskwithExistingData -->
  <system-out/>
  <testcase classname="CriticalTestCases.CFOlogin" name="TaskwithTwoManadatoryFields" time="0.000">
    <skipped/>
  </testcase> <!-- TaskwithTwoManadatoryFields -->
  <system-out/>
  <testcase classname="CriticalTestCases.CFOlogin" name="TaskwithoutData" time="0.000">
    <skipped/>
  </testcase> <!-- TaskwithoutData -->
  <system-out/>
  <testcase classname="CriticalTestCases.CFOlogin" name="TaskDelete" time="0.000">
    <skipped/>
  </testcase> <!-- TaskDelete -->
  <system-out/>
  <testcase classname="CriticalTestCases.CFOlogin" name="NoticeClosed" time="0.000">
    <skipped/>
  </testcase> <!-- NoticeClosed -->
  <system-out/>
  <testcase classname="CriticalTestCases.CFOlogin" name="CaseClose" time="0.000">
    <skipped/>
  </testcase> <!-- CaseClose -->
  <system-out/>
  <testcase classname="CriticalTestCases.CFOlogin" name="LinkCase" time="0.000">
    <skipped/>
  </testcase> <!-- LinkCase -->
  <system-out/>
  <testcase classname="CriticalTestCases.CFOlogin" name="LinkCaseViewIcon" time="0.000">
    <skipped/>
  </testcase> <!-- LinkCaseViewIcon -->
  <system-out/>
  <testcase classname="CriticalTestCases.CFOlogin" name="LinkCaseDeleteIcon" time="0.000">
    <skipped/>
  </testcase> <!-- LinkCaseDeleteIcon -->
  <system-out/>
  <testcase classname="CriticalTestCases.CFOlogin" name="CloseNotice" time="0.000">
    <skipped/>
  </testcase> <!-- CloseNotice -->
  <system-out/>
  <testcase classname="CriticalTestCases.CFOlogin" name="CloseCase" time="0.000">
    <skipped/>
  </testcase> <!-- CloseCase -->
  <system-out/>
  <testcase classname="CriticalTestCases.CFOlogin" name="TaskClosed" time="0.001">
    <skipped/>
  </testcase> <!-- TaskClosed -->
  <system-out/>
  <testcase classname="CriticalTestCases.CFOlogin" name="NoticeDocument" time="0.000">
    <skipped/>
  </testcase> <!-- NoticeDocument -->
  <system-out/>
  <testcase classname="CriticalTestCases.CFOlogin" name="NoticeDocumentEmptyFields" time="0.000">
    <skipped/>
  </testcase> <!-- NoticeDocumentEmptyFields -->
  <system-out/>
  <testcase classname="CriticalTestCases.CFOlogin" name="NoticeWithoutUploadDocument" time="0.000">
    <skipped/>
  </testcase> <!-- NoticeWithoutUploadDocument -->
  <system-out/>
  <testcase classname="CriticalTestCases.CFOlogin" name="NoticeDocumentShareInvalidData" time="0.000">
    <skipped/>
  </testcase> <!-- NoticeDocumentShareInvalidData -->
  <system-out/>
  <testcase classname="CriticalTestCases.CFOlogin" name="NoticeDocumentShareWithoutData" time="0.000">
    <skipped/>
  </testcase> <!-- NoticeDocumentShareWithoutData -->
  <system-out/>
  <testcase classname="CriticalTestCases.CFOlogin" name="NoticeTaskActivity" time="0.000">
    <skipped/>
  </testcase> <!-- NoticeTaskActivity -->
  <system-out/>
  <testcase classname="CriticalTestCases.CFOlogin" name="TaskActivtityDeleteResponse" time="0.000">
    <skipped/>
  </testcase> <!-- TaskActivtityDeleteResponse -->
  <system-out/>
  <testcase classname="CriticalTestCases.CFOlogin" name="TaskActivtityExistingData" time="0.000">
    <skipped/>
  </testcase> <!-- TaskActivtityExistingData -->
  <system-out/>
  <testcase classname="CriticalTestCases.CFOlogin" name="TaskActivtityWithoutData" time="0.000">
    <skipped/>
  </testcase> <!-- TaskActivtityWithoutData -->
  <system-out/>
  <testcase classname="CriticalTestCases.CFOlogin" name="TaskActivtityResponseWithoutStatus" time="0.000">
    <skipped/>
  </testcase> <!-- TaskActivtityResponseWithoutStatus -->
  <system-out/>
  <testcase classname="CriticalTestCases.CFOlogin" name="NoticeResponse" time="0.000">
    <skipped/>
  </testcase> <!-- NoticeResponse -->
  <system-out/>
  <testcase classname="CriticalTestCases.CFOlogin" name="ResponseExistingData" time="0.000">
    <skipped/>
  </testcase> <!-- ResponseExistingData -->
  <system-out/>
  <testcase classname="CriticalTestCases.CFOlogin" name="NoticeResponseWithoutData" time="0.000">
    <skipped/>
  </testcase> <!-- NoticeResponseWithoutData -->
  <system-out/>
  <testcase classname="CriticalTestCases.CFOlogin" name="NoticePayment" time="0.000">
    <skipped/>
  </testcase> <!-- NoticePayment -->
  <system-out/>
  <testcase classname="CriticalTestCases.CFOlogin" name="PaymentLogwithExistingData" time="0.000">
    <skipped/>
  </testcase> <!-- PaymentLogwithExistingData -->
  <system-out/>
  <testcase classname="CriticalTestCases.CFOlogin" name="NoticePaymentWithoutData" time="0.000">
    <skipped/>
  </testcase> <!-- NoticePaymentWithoutData -->
  <system-out/>
  <testcase classname="CriticalTestCases.CFOlogin" name="NoticeExternalLawyer" time="0.000">
    <skipped/>
  </testcase> <!-- NoticeExternalLawyer -->
  <system-out/>
  <testcase classname="CriticalTestCases.CFOlogin" name="CriteriaExistingData" time="0.000">
    <skipped/>
  </testcase> <!-- CriteriaExistingData -->
  <system-out/>
  <testcase classname="CriticalTestCases.CFOlogin" name="CriteriaInvalidData" time="0.000">
    <skipped/>
  </testcase> <!-- CriteriaInvalidData -->
  <system-out/>
  <testcase classname="CriticalTestCases.CFOlogin" name="CriteriaWithoutData" time="0.001">
    <skipped/>
  </testcase> <!-- CriteriaWithoutData -->
  <system-out/>
  <testcase classname="CriticalTestCases.CFOlogin" name="NoticeAuditLog" time="0.000">
    <skipped/>
  </testcase> <!-- NoticeAuditLog -->
  <system-out/>
  <testcase classname="CriticalTestCases.CFOlogin" name="CaseDocument" time="0.000">
    <skipped/>
  </testcase> <!-- CaseDocument -->
  <system-out/>
  <testcase classname="CriticalTestCases.CFOlogin" name="CaseWithoutUploadDocument" time="0.000">
    <skipped/>
  </testcase> <!-- CaseWithoutUploadDocument -->
  <system-out/>
  <testcase classname="CriticalTestCases.CFOlogin" name="CaseDocumentEmptyFields" time="0.000">
    <skipped/>
  </testcase> <!-- CaseDocumentEmptyFields -->
  <system-out/>
  <testcase classname="CriticalTestCases.CFOlogin" name="CaseDocumentSearchFields" time="0.000">
    <skipped/>
  </testcase> <!-- CaseDocumentSearchFields -->
  <system-out/>
  <testcase classname="CriticalTestCases.CFOlogin" name="CaseDocumentShareInvalidData" time="0.000">
    <skipped/>
  </testcase> <!-- CaseDocumentShareInvalidData -->
  <system-out/>
  <testcase classname="CriticalTestCases.CFOlogin" name="CaseDocumentShareWithoutData" time="0.000">
    <skipped/>
  </testcase> <!-- CaseDocumentShareWithoutData -->
  <system-out/>
  <testcase classname="CriticalTestCases.CFOlogin" name="CaseSendMailWithDoc" time="0.000">
    <skipped/>
  </testcase> <!-- CaseSendMailWithDoc -->
  <system-out/>
  <testcase classname="CriticalTestCases.CFOlogin" name="CaseSendMailWithDocInvalidFields" time="0.000">
    <skipped/>
  </testcase> <!-- CaseSendMailWithDocInvalidFields -->
  <system-out/>
  <testcase classname="CriticalTestCases.CFOlogin" name="CaseSendMailWithDocEmptyFields" time="0.000">
    <skipped/>
  </testcase> <!-- CaseSendMailWithDocEmptyFields -->
  <system-out/>
  <testcase classname="CriticalTestCases.CFOlogin" name="CaseTaskActivity" time="0.000">
    <skipped/>
  </testcase> <!-- CaseTaskActivity -->
  <system-out/>
  <testcase classname="CriticalTestCases.CFOlogin" name="CaseTaskActivityWithoutData" time="0.000">
    <skipped/>
  </testcase> <!-- CaseTaskActivityWithoutData -->
  <system-out/>
  <testcase classname="CriticalTestCases.CFOlogin" name="CaseTaskActivitywithExistingData" time="0.000">
    <skipped/>
  </testcase> <!-- CaseTaskActivitywithExistingData -->
  <system-out/>
  <testcase classname="CriticalTestCases.CFOlogin" name="CaseTaskActivtityResponseWithoutStatus" time="0.000">
    <skipped/>
  </testcase> <!-- CaseTaskActivtityResponseWithoutStatus -->
  <system-out/>
  <testcase classname="CriticalTestCases.CFOlogin" name="CaseHearingcfo" time="0.000">
    <skipped/>
  </testcase> <!-- CaseHearingcfo -->
  <system-out/>
  <testcase classname="CriticalTestCases.CFOlogin" name="CaseExistingHearingDate" time="0.000">
    <skipped/>
  </testcase> <!-- CaseExistingHearingDate -->
  <system-out/>
  <testcase classname="CriticalTestCases.CFOlogin" name="CaseWithoutHearingData" time="0.000">
    <skipped/>
  </testcase> <!-- CaseWithoutHearingData -->
  <system-out/>
  <testcase classname="CriticalTestCases.CFOlogin" name="CaseHearingInvalidDate" time="0.000">
    <skipped/>
  </testcase> <!-- CaseHearingInvalidDate -->
  <system-out/>
  <testcase classname="CriticalTestCases.CFOlogin" name="CaseOrder" time="0.000">
    <skipped/>
  </testcase> <!-- CaseOrder -->
  <system-out/>
  <testcase classname="CriticalTestCases.CFOlogin" name="CaseOrderExistingData" time="0.000">
    <skipped/>
  </testcase> <!-- CaseOrderExistingData -->
  <system-out/>
  <testcase classname="CriticalTestCases.CFOlogin" name="CaseOrderWithoutData" time="0.000">
    <skipped/>
  </testcase> <!-- CaseOrderWithoutData -->
  <system-out/>
  <testcase classname="CriticalTestCases.CFOlogin" name="CaseStatusPayment" time="0.000">
    <skipped/>
  </testcase> <!-- CaseStatusPayment -->
  <system-out/>
  <testcase classname="CriticalTestCases.CFOlogin" name="StatusPaymentExistingdata" time="0.000">
    <skipped/>
  </testcase> <!-- StatusPaymentExistingdata -->
  <system-out/>
  <testcase classname="CriticalTestCases.CFOlogin" name="StatusPaymentWithoutdata" time="0.000">
    <skipped/>
  </testcase> <!-- StatusPaymentWithoutdata -->
  <system-out/>
  <testcase classname="CriticalTestCases.CFOlogin" name="CaseStatuswithEmptyFields" time="0.000">
    <skipped/>
  </testcase> <!-- CaseStatuswithEmptyFields -->
  <system-out/>
  <testcase classname="CriticalTestCases.CFOlogin" name="CaseExternalLawyerRating" time="0.000">
    <skipped/>
  </testcase> <!-- CaseExternalLawyerRating -->
  <system-out/>
  <testcase classname="CriticalTestCases.CFOlogin" name="CaseExternalLawyerCriteria" time="0.000">
    <skipped/>
  </testcase> <!-- CaseExternalLawyerCriteria -->
  <system-out/>
  <testcase classname="CriticalTestCases.CFOlogin" name="CaseExistingCriteria" time="0.000">
    <skipped/>
  </testcase> <!-- CaseExistingCriteria -->
  <system-out/>
  <testcase classname="CriticalTestCases.CFOlogin" name="CaseCriteriaInvalidData" time="0.000">
    <skipped/>
  </testcase> <!-- CaseCriteriaInvalidData -->
  <system-out/>
  <testcase classname="CriticalTestCases.CFOlogin" name="CaseCriteriaWithoutData" time="0.000">
    <skipped/>
  </testcase> <!-- CaseCriteriaWithoutData -->
  <system-out/>
  <testcase classname="CriticalTestCases.CFOlogin" name="CaseAuditLog" time="0.000">
    <skipped/>
  </testcase> <!-- CaseAuditLog -->
  <system-out/>
  <testcase classname="CriticalTestCases.CFOlogin" name="MyDocument" time="0.000">
    <skipped/>
  </testcase> <!-- MyDocument -->
  <system-out/>
  <testcase classname="CriticalTestCases.CFOlogin" name="ShareCaseDocument" time="0.000">
    <skipped/>
  </testcase> <!-- ShareCaseDocument -->
  <system-out/>
  <testcase classname="CriticalTestCases.CFOlogin" name="ShareNoticeDocument" time="0.000">
    <skipped/>
  </testcase> <!-- ShareNoticeDocument -->
  <system-out/>
  <testcase classname="CriticalTestCases.CFOlogin" name="ShareTaskDocument" time="0.000">
    <skipped/>
  </testcase> <!-- ShareTaskDocument -->
  <system-out/>
  <testcase classname="CriticalTestCases.CFOlogin" name="MyReports" time="0.000">
    <skipped/>
  </testcase> <!-- MyReports -->
  <system-out/>
  <testcase classname="CriticalTestCases.CFOlogin" name="MoreReports" time="0.000">
    <skipped/>
  </testcase> <!-- MoreReports -->
  <system-out/>
  <testcase classname="CriticalTestCases.CFOlogin" name="MyReminder" time="0.000">
    <skipped/>
  </testcase> <!-- MyReminder -->
  <system-out/>
  <testcase classname="CriticalTestCases.CFOlogin" name="ReminderWithoutData" time="0.000">
    <skipped/>
  </testcase> <!-- ReminderWithoutData -->
  <system-out/>
  <testcase classname="CriticalTestCases.CFOlogin" name="ImportUtility" time="0.000">
    <skipped/>
  </testcase> <!-- ImportUtility -->
  <system-out/>
  <testcase classname="CriticalTestCases.CFOlogin" name="ImportUtilityWithoutData" time="0.000">
    <skipped/>
  </testcase> <!-- ImportUtilityWithoutData -->
  <system-out/>
  <testcase classname="CriticalTestCases.CFOlogin" name="ImportUtilityInvalidData" time="0.000">
    <skipped/>
  </testcase> <!-- ImportUtilityInvalidData -->
  <system-out/>
  <testcase classname="CriticalTestCases.CFOlogin" name="ImportUtilityTwoManadtoryFileds" time="0.000">
    <skipped/>
  </testcase> <!-- ImportUtilityTwoManadtoryFileds -->
  <system-out/>
  <testcase classname="CriticalTestCases.CFOlogin" name="CriticalDocuments" time="0.000">
    <skipped/>
  </testcase> <!-- CriticalDocuments -->
  <system-out/>
  <testcase classname="CriticalTestCases.CFOlogin" name="CriticalDocuments1" time="0.000">
    <skipped/>
  </testcase> <!-- CriticalDocuments1 -->
  <system-out/>
  <testcase classname="CriticalTestCases.CFOlogin" name="Masters" time="0.000">
    <skipped/>
  </testcase> <!-- Masters -->
  <system-out/>
  <testcase classname="CriticalTestCases.CFOlogin" name="MastersLegalEntity" time="0.000">
    <skipped/>
  </testcase> <!-- MastersLegalEntity -->
  <system-out/>
  <testcase classname="CriticalTestCases.CFOlogin" name="MastersLegalEntity1" time="0.000">
    <skipped/>
  </testcase> <!-- MastersLegalEntity1 -->
  <system-out/>
  <testcase classname="CriticalTestCases.CFOlogin" name="MastersLegalEntity2" time="0.000">
    <skipped/>
  </testcase> <!-- MastersLegalEntity2 -->
  <system-out/>
  <testcase classname="CriticalTestCases.CFOlogin" name="UnitEntity" time="0.000">
    <skipped/>
  </testcase> <!-- UnitEntity -->
  <system-out/>
  <testcase classname="CriticalTestCases.CFOlogin" name="Masters1" time="0.000">
    <skipped/>
  </testcase> <!-- Masters1 -->
  <system-out/>
  <testcase classname="CriticalTestCases.CFOlogin" name="MastersLawFirm" time="0.000">
    <skipped/>
  </testcase> <!-- MastersLawFirm -->
  <system-out/>
  <testcase classname="CriticalTestCases.CFOlogin" name="MastersLawFirm1" time="0.000">
    <skipped/>
  </testcase> <!-- MastersLawFirm1 -->
  <system-out/>
  <testcase classname="CriticalTestCases.CFOlogin" name="MastersLawFirm2" time="0.000">
    <skipped/>
  </testcase> <!-- MastersLawFirm2 -->
  <system-out/>
  <testcase classname="CriticalTestCases.CFOlogin" name="LawyerWithoutData" time="0.000">
    <skipped/>
  </testcase> <!-- LawyerWithoutData -->
  <system-out/>
  <testcase classname="CriticalTestCases.CFOlogin" name="LawyerInvalidData" time="0.000">
    <skipped/>
  </testcase> <!-- LawyerInvalidData -->
  <system-out/>
  <testcase classname="CriticalTestCases.CFOlogin" name="LawyerTwoManadatoryFileds" time="0.000">
    <skipped/>
  </testcase> <!-- LawyerTwoManadatoryFileds -->
  <system-out/>
  <testcase classname="CriticalTestCases.CFOlogin" name="Masters2" time="0.000">
    <skipped/>
  </testcase> <!-- Masters2 -->
  <system-out/>
  <testcase classname="CriticalTestCases.CFOlogin" name="UserWithoutData" time="0.000">
    <skipped/>
  </testcase> <!-- UserWithoutData -->
  <system-out/>
  <testcase classname="CriticalTestCases.CFOlogin" name="UserInvalidData" time="0.000">
    <skipped/>
  </testcase> <!-- UserInvalidData -->
  <system-out/>
  <testcase classname="CriticalTestCases.CFOlogin" name="UserTwoManadatoryFields" time="0.000">
    <skipped/>
  </testcase> <!-- UserTwoManadatoryFields -->
  <system-out/>
  <testcase classname="CriticalTestCases.CFOlogin" name="Masters3" time="0.000">
    <skipped/>
  </testcase> <!-- Masters3 -->
  <system-out/>
  <testcase classname="CriticalTestCases.CFOlogin" name="OpponentWithoutData" time="0.000">
    <skipped/>
  </testcase> <!-- OpponentWithoutData -->
  <system-out/>
  <testcase classname="CriticalTestCases.CFOlogin" name="OpponentInvalidData" time="0.000">
    <skipped/>
  </testcase> <!-- OpponentInvalidData -->
  <system-out/>
  <testcase classname="CriticalTestCases.CFOlogin" name="Masters4" time="0.000">
    <skipped/>
  </testcase> <!-- Masters4 -->
  <system-out/>
  <testcase classname="CriticalTestCases.CFOlogin" name="CourtWithoutData" time="0.000">
    <skipped/>
  </testcase> <!-- CourtWithoutData -->
  <system-out/>
  <testcase classname="CriticalTestCases.CFOlogin" name="CourtInvalidData" time="0.000">
    <skipped/>
  </testcase> <!-- CourtInvalidData -->
  <system-out/>
  <testcase classname="CriticalTestCases.CFOlogin" name="CourtTwomanadatoryFields" time="0.000">
    <skipped/>
  </testcase> <!-- CourtTwomanadatoryFields -->
  <system-out/>
  <testcase classname="CriticalTestCases.CFOlogin" name="Masters5" time="0.000">
    <skipped/>
  </testcase> <!-- Masters5 -->
  <system-out/>
  <testcase classname="CriticalTestCases.CFOlogin" name="CaseNoticeTypeWithoutData" time="0.000">
    <skipped/>
  </testcase> <!-- CaseNoticeTypeWithoutData -->
  <system-out/>
  <testcase classname="CriticalTestCases.CFOlogin" name="CaseNoticeTypeInvaliData" time="0.000">
    <skipped/>
  </testcase> <!-- CaseNoticeTypeInvaliData -->
  <system-out/>
  <testcase classname="CriticalTestCases.CFOlogin" name="Masters6" time="0.000">
    <skipped/>
  </testcase> <!-- Masters6 -->
  <system-out/>
  <testcase classname="CriticalTestCases.CFOlogin" name="PaymentTypeWithouData" time="0.000">
    <skipped/>
  </testcase> <!-- PaymentTypeWithouData -->
  <system-out/>
  <testcase classname="CriticalTestCases.CFOlogin" name="PaymentTypeInvalidData" time="0.000">
    <skipped/>
  </testcase> <!-- PaymentTypeInvalidData -->
  <system-out/>
  <testcase classname="CriticalTestCases.CFOlogin" name="Masters7" time="0.000">
    <skipped/>
  </testcase> <!-- Masters7 -->
  <system-out/>
  <testcase classname="CriticalTestCases.CFOlogin" name="customParameterWithoutData" time="0.000">
    <skipped/>
  </testcase> <!-- customParameterWithoutData -->
  <system-out/>
  <testcase classname="CriticalTestCases.CFOlogin" name="Masters8" time="0.000">
    <skipped/>
  </testcase> <!-- Masters8 -->
  <system-out/>
  <testcase classname="CriticalTestCases.CFOlogin" name="CaseStageWithoutData" time="0.000">
    <skipped/>
  </testcase> <!-- CaseStageWithoutData -->
  <system-out/>
  <testcase classname="CriticalTestCases.CFOlogin" name="CaseStageInvalidData" time="0.000">
    <skipped/>
  </testcase> <!-- CaseStageInvalidData -->
  <system-out/>
  <testcase classname="CriticalTestCases.CFOlogin" name="Masters9" time="0.000">
    <skipped/>
  </testcase> <!-- Masters9 -->
  <system-out/>
  <testcase classname="CriticalTestCases.CFOlogin" name="DocumentTypeWithoutData" time="0.000">
    <skipped/>
  </testcase> <!-- DocumentTypeWithoutData -->
  <system-out/>
  <testcase classname="CriticalTestCases.CFOlogin" name="DocumentTypeInvalidData" time="0.000">
    <skipped/>
  </testcase> <!-- DocumentTypeInvalidData -->
  <system-out/>
  <testcase classname="CriticalTestCases.CFOlogin" name="Masters10" time="0.000">
    <skipped/>
  </testcase> <!-- Masters10 -->
  <system-out/>
  <testcase classname="CriticalTestCases.CFOlogin" name="RatingCriteriaWithoutData" time="0.000">
    <skipped/>
  </testcase> <!-- RatingCriteriaWithoutData -->
  <system-out/>
  <testcase classname="CriticalTestCases.CFOlogin" name="RatingCriteriaInvalidData" time="0.000">
    <skipped/>
  </testcase> <!-- RatingCriteriaInvalidData -->
  <system-out/>
  <testcase classname="CriticalTestCases.CFOlogin" name="Masters12" time="0.000">
    <skipped/>
  </testcase> <!-- Masters12 -->
  <system-out/>
  <testcase classname="CriticalTestCases.CFOlogin" name="Masters11" time="0.000">
    <skipped/>
  </testcase> <!-- Masters11 -->
  <system-out/>
  <testcase classname="CriticalTestCases.CFOlogin" name="Masters13" time="0.000">
    <skipped/>
  </testcase> <!-- Masters13 -->
  <system-out/>
  <testcase classname="CriticalTestCases.CFOlogin" name="CaseHearing" time="0.000">
    <skipped/>
  </testcase> <!-- CaseHearing -->
  <system-out/>
  <testcase classname="CriticalTestCases.CFOlogin" name="NoticeDocViewandDownload" time="0.000">
    <skipped/>
  </testcase> <!-- NoticeDocViewandDownload -->
  <system-out/>
</testsuite> <!-- CriticalTestCases.CFOlogin -->
